[2025-03-11 13:57:44,452] INFO [ControllerEventThread controllerId=0] Starting (kafka.controller.ControllerEventManager$ControllerEventThread)
[2025-03-11 13:57:44,607] INFO [Controller id=0] 0 successfully elected as the controller. Epoch incremented to 1 and epoch zk version is now 1 (kafka.controller.KafkaController)
[2025-03-11 13:57:44,618] INFO [Controller id=0] Creating FeatureZNode at path: /feature with contents: FeatureZNode(Enabled,Features{}) (kafka.controller.KafkaController)
[2025-03-11 13:57:44,871] INFO [Controller id=0] Registering handlers (kafka.controller.KafkaController)
[2025-03-11 13:57:44,878] INFO [Controller id=0] Deleting log dir event notifications (kafka.controller.KafkaController)
[2025-03-11 13:57:44,882] INFO [Controller id=0] Deleting isr change notifications (kafka.controller.KafkaController)
[2025-03-11 13:57:44,885] INFO [Controller id=0] Initializing controller context (kafka.controller.KafkaController)
[2025-03-11 13:57:44,939] INFO [Controller id=0] Initialized broker epochs cache: HashMap(0 -> 25) (kafka.controller.KafkaController)
[2025-03-11 13:57:44,947] DEBUG [Controller id=0] Register BrokerModifications handler for Set(0) (kafka.controller.KafkaController)
[2025-03-11 13:57:44,955] DEBUG [Channel manager on controller 0]: Controller 0 trying to connect to broker 0 (kafka.controller.ControllerChannelManager)
[2025-03-11 13:57:44,972] INFO [RequestSendThread controllerId=0] Starting (kafka.controller.RequestSendThread)
[2025-03-11 13:57:44,975] INFO [Controller id=0] Currently active brokers in the cluster: Set(0) (kafka.controller.KafkaController)
[2025-03-11 13:57:44,976] INFO [Controller id=0] Currently shutting brokers in the cluster: HashSet() (kafka.controller.KafkaController)
[2025-03-11 13:57:44,977] INFO [Controller id=0] Current list of topics in the cluster: HashSet() (kafka.controller.KafkaController)
[2025-03-11 13:57:44,977] INFO [Controller id=0] Fetching topic deletions in progress (kafka.controller.KafkaController)
[2025-03-11 13:57:44,983] INFO [Controller id=0] List of topics to be deleted:  (kafka.controller.KafkaController)
[2025-03-11 13:57:44,983] INFO [Controller id=0] List of topics ineligible for deletion:  (kafka.controller.KafkaController)
[2025-03-11 13:57:44,984] INFO [Controller id=0] Initializing topic deletion manager (kafka.controller.KafkaController)
[2025-03-11 13:57:44,985] INFO [Topic Deletion Manager 0] Initializing manager with initial deletions: Set(), initial ineligible deletions: HashSet() (kafka.controller.TopicDeletionManager)
[2025-03-11 13:57:44,987] INFO [Controller id=0] Sending update metadata request (kafka.controller.KafkaController)
[2025-03-11 13:57:45,027] INFO [ReplicaStateMachine controllerId=0] Initializing replica state (kafka.controller.ZkReplicaStateMachine)
[2025-03-11 13:57:45,028] INFO [ReplicaStateMachine controllerId=0] Triggering online replica state changes (kafka.controller.ZkReplicaStateMachine)
[2025-03-11 13:57:45,058] INFO [ReplicaStateMachine controllerId=0] Triggering offline replica state changes (kafka.controller.ZkReplicaStateMachine)
[2025-03-11 13:57:45,059] DEBUG [ReplicaStateMachine controllerId=0] Started replica state machine with initial state -> HashMap() (kafka.controller.ZkReplicaStateMachine)
[2025-03-11 13:57:45,060] INFO [PartitionStateMachine controllerId=0] Initializing partition state (kafka.controller.ZkPartitionStateMachine)
[2025-03-11 13:57:45,061] INFO [PartitionStateMachine controllerId=0] Triggering online partition state changes (kafka.controller.ZkPartitionStateMachine)
[2025-03-11 13:57:45,065] INFO [RequestSendThread controllerId=0] Controller 0 connected to DESKTOP-EJ9V5Q1:9092 (id: 0 rack: null) for sending state change requests (kafka.controller.RequestSendThread)
[2025-03-11 13:57:45,071] DEBUG [PartitionStateMachine controllerId=0] Started partition state machine with initial state -> HashMap() (kafka.controller.ZkPartitionStateMachine)
[2025-03-11 13:57:45,072] INFO [Controller id=0] Ready to serve as the new controller with epoch 1 (kafka.controller.KafkaController)
[2025-03-11 13:57:45,085] INFO [Controller id=0] Partitions undergoing preferred replica election:  (kafka.controller.KafkaController)
[2025-03-11 13:57:45,085] INFO [Controller id=0] Partitions that completed preferred replica election:  (kafka.controller.KafkaController)
[2025-03-11 13:57:45,086] INFO [Controller id=0] Skipping preferred replica election for partitions due to topic deletion:  (kafka.controller.KafkaController)
[2025-03-11 13:57:45,087] INFO [Controller id=0] Resuming preferred replica election for partitions:  (kafka.controller.KafkaController)
[2025-03-11 13:57:45,090] INFO [Controller id=0] Starting replica leader election (PREFERRED) for partitions  triggered by ZkTriggered (kafka.controller.KafkaController)
[2025-03-11 13:57:45,217] INFO [Controller id=0] Starting the controller scheduler (kafka.controller.KafkaController)
[2025-03-11 13:57:50,222] INFO [Controller id=0] Processing automatic preferred replica leader election (kafka.controller.KafkaController)
[2025-03-11 13:57:50,223] TRACE [Controller id=0] Checking need to trigger auto leader balancing (kafka.controller.KafkaController)
[2025-03-11 14:02:50,236] INFO [Controller id=0] Processing automatic preferred replica leader election (kafka.controller.KafkaController)
[2025-03-11 14:02:50,239] TRACE [Controller id=0] Checking need to trigger auto leader balancing (kafka.controller.KafkaController)
[2025-03-11 14:08:29,562] DEBUG [Controller id=0] Resigning (kafka.controller.KafkaController)
[2025-03-11 14:08:29,563] DEBUG [Controller id=0] Unregister BrokerModifications handler for Set(0) (kafka.controller.KafkaController)
[2025-03-11 14:08:29,567] INFO [PartitionStateMachine controllerId=0] Stopped partition state machine (kafka.controller.ZkPartitionStateMachine)
[2025-03-11 14:08:29,568] INFO [ReplicaStateMachine controllerId=0] Stopped replica state machine (kafka.controller.ZkReplicaStateMachine)
[2025-03-11 14:08:29,571] INFO [RequestSendThread controllerId=0] Shutting down (kafka.controller.RequestSendThread)
[2025-03-11 14:08:29,573] INFO [RequestSendThread controllerId=0] Shutdown completed (kafka.controller.RequestSendThread)
[2025-03-11 14:08:29,573] INFO [RequestSendThread controllerId=0] Stopped (kafka.controller.RequestSendThread)
[2025-03-11 14:08:29,597] INFO [Controller id=0] Resigned (kafka.controller.KafkaController)
[2025-03-11 14:08:30,121] INFO [Controller id=0] 0 successfully elected as the controller. Epoch incremented to 2 and epoch zk version is now 2 (kafka.controller.KafkaController)
[2025-03-11 14:08:30,123] INFO [Controller id=0] Registering handlers (kafka.controller.KafkaController)
[2025-03-11 14:08:30,128] INFO [Controller id=0] Deleting log dir event notifications (kafka.controller.KafkaController)
[2025-03-11 14:08:30,130] INFO [Controller id=0] Deleting isr change notifications (kafka.controller.KafkaController)
[2025-03-11 14:08:30,132] INFO [Controller id=0] Initializing controller context (kafka.controller.KafkaController)
[2025-03-11 14:08:30,137] INFO [Controller id=0] Initialized broker epochs cache: HashMap(0 -> 32) (kafka.controller.KafkaController)
[2025-03-11 14:08:30,140] DEBUG [Controller id=0] Register BrokerModifications handler for Set(0) (kafka.controller.KafkaController)
[2025-03-11 14:08:30,142] DEBUG [Channel manager on controller 0]: Controller 0 trying to connect to broker 0 (kafka.controller.ControllerChannelManager)
[2025-03-11 14:08:30,148] INFO [Controller id=0] Currently active brokers in the cluster: Set(0) (kafka.controller.KafkaController)
[2025-03-11 14:08:30,148] INFO [Controller id=0] Currently shutting brokers in the cluster: HashSet() (kafka.controller.KafkaController)
[2025-03-11 14:08:30,149] INFO [Controller id=0] Current list of topics in the cluster: HashSet() (kafka.controller.KafkaController)
[2025-03-11 14:08:30,149] INFO [Controller id=0] Fetching topic deletions in progress (kafka.controller.KafkaController)
[2025-03-11 14:08:30,151] INFO [Controller id=0] List of topics to be deleted:  (kafka.controller.KafkaController)
[2025-03-11 14:08:30,151] INFO [Controller id=0] List of topics ineligible for deletion:  (kafka.controller.KafkaController)
[2025-03-11 14:08:30,151] INFO [Controller id=0] Initializing topic deletion manager (kafka.controller.KafkaController)
[2025-03-11 14:08:30,151] INFO [Topic Deletion Manager 0] Initializing manager with initial deletions: Set(), initial ineligible deletions: HashSet() (kafka.controller.TopicDeletionManager)
[2025-03-11 14:08:30,151] INFO [Controller id=0] Sending update metadata request (kafka.controller.KafkaController)
[2025-03-11 14:08:30,167] INFO [ReplicaStateMachine controllerId=0] Initializing replica state (kafka.controller.ZkReplicaStateMachine)
[2025-03-11 14:08:30,168] INFO [ReplicaStateMachine controllerId=0] Triggering online replica state changes (kafka.controller.ZkReplicaStateMachine)
[2025-03-11 14:08:30,168] INFO [ReplicaStateMachine controllerId=0] Triggering offline replica state changes (kafka.controller.ZkReplicaStateMachine)
[2025-03-11 14:08:30,168] DEBUG [ReplicaStateMachine controllerId=0] Started replica state machine with initial state -> HashMap() (kafka.controller.ZkReplicaStateMachine)
[2025-03-11 14:08:30,168] INFO [PartitionStateMachine controllerId=0] Initializing partition state (kafka.controller.ZkPartitionStateMachine)
[2025-03-11 14:08:30,168] INFO [PartitionStateMachine controllerId=0] Triggering online partition state changes (kafka.controller.ZkPartitionStateMachine)
[2025-03-11 14:08:30,168] DEBUG [PartitionStateMachine controllerId=0] Started partition state machine with initial state -> HashMap() (kafka.controller.ZkPartitionStateMachine)
[2025-03-11 14:08:30,168] INFO [Controller id=0] Ready to serve as the new controller with epoch 2 (kafka.controller.KafkaController)
[2025-03-11 14:08:30,172] INFO [Controller id=0] Partitions undergoing preferred replica election:  (kafka.controller.KafkaController)
[2025-03-11 14:08:30,172] INFO [Controller id=0] Partitions that completed preferred replica election:  (kafka.controller.KafkaController)
[2025-03-11 14:08:30,172] INFO [Controller id=0] Skipping preferred replica election for partitions due to topic deletion:  (kafka.controller.KafkaController)
[2025-03-11 14:08:30,172] INFO [Controller id=0] Resuming preferred replica election for partitions:  (kafka.controller.KafkaController)
[2025-03-11 14:08:30,172] INFO [Controller id=0] Starting replica leader election (PREFERRED) for partitions  triggered by ZkTriggered (kafka.controller.KafkaController)
[2025-03-11 14:08:30,183] INFO [RequestSendThread controllerId=0] Starting (kafka.controller.RequestSendThread)
[2025-03-11 14:08:30,186] INFO [RequestSendThread controllerId=0] Controller 0 connected to DESKTOP-EJ9V5Q1:9092 (id: 0 rack: null) for sending state change requests (kafka.controller.RequestSendThread)
[2025-03-11 14:08:30,246] INFO [Controller id=0] Starting the controller scheduler (kafka.controller.KafkaController)
[2025-03-11 14:08:35,254] INFO [Controller id=0] Processing automatic preferred replica leader election (kafka.controller.KafkaController)
[2025-03-11 14:08:35,254] TRACE [Controller id=0] Checking need to trigger auto leader balancing (kafka.controller.KafkaController)
[2025-03-11 14:12:54,776] INFO [Controller id=0] New topics: [Set(demo-sbms27-topic)], deleted topics: [HashSet()], new partition replica assignment [Set(TopicIdReplicaAssignment(demo-sbms27-topic,Some(iyfCnZgpTrCPzZ5O6afZYQ),Map(demo-sbms27-topic-0 -> ReplicaAssignment(replicas=0, addingReplicas=, removingReplicas=))))] (kafka.controller.KafkaController)
[2025-03-11 14:12:54,778] INFO [Controller id=0] New partition creation callback for demo-sbms27-topic-0 (kafka.controller.KafkaController)
[2025-03-11 14:13:35,260] INFO [Controller id=0] Processing automatic preferred replica leader election (kafka.controller.KafkaController)
[2025-03-11 14:13:35,261] TRACE [Controller id=0] Checking need to trigger auto leader balancing (kafka.controller.KafkaController)
[2025-03-11 14:13:35,267] DEBUG [Controller id=0] Topics not in preferred replica for broker 0 Map() (kafka.controller.KafkaController)
[2025-03-11 14:13:35,269] TRACE [Controller id=0] Leader imbalance ratio for broker 0 is 0.0 (kafka.controller.KafkaController)
[2025-03-11 14:18:35,273] INFO [Controller id=0] Processing automatic preferred replica leader election (kafka.controller.KafkaController)
[2025-03-11 14:18:35,273] TRACE [Controller id=0] Checking need to trigger auto leader balancing (kafka.controller.KafkaController)
[2025-03-11 14:18:35,274] DEBUG [Controller id=0] Topics not in preferred replica for broker 0 Map() (kafka.controller.KafkaController)
[2025-03-11 14:18:35,275] TRACE [Controller id=0] Leader imbalance ratio for broker 0 is 0.0 (kafka.controller.KafkaController)
[2025-03-11 14:22:12,394] INFO [Controller id=0] New topics: [Set(demo-sbms27-new-topic)], deleted topics: [HashSet()], new partition replica assignment [Set(TopicIdReplicaAssignment(demo-sbms27-new-topic,Some(Wg1IIbfnRbWrFdgHenNMRw),Map(demo-sbms27-new-topic-0 -> ReplicaAssignment(replicas=0, addingReplicas=, removingReplicas=))))] (kafka.controller.KafkaController)
[2025-03-11 14:22:12,394] INFO [Controller id=0] New partition creation callback for demo-sbms27-new-topic-0 (kafka.controller.KafkaController)
[2025-03-11 14:23:35,289] INFO [Controller id=0] Processing automatic preferred replica leader election (kafka.controller.KafkaController)
[2025-03-11 14:23:35,290] TRACE [Controller id=0] Checking need to trigger auto leader balancing (kafka.controller.KafkaController)
[2025-03-11 14:23:35,290] DEBUG [Controller id=0] Topics not in preferred replica for broker 0 Map() (kafka.controller.KafkaController)
[2025-03-11 14:23:35,290] TRACE [Controller id=0] Leader imbalance ratio for broker 0 is 0.0 (kafka.controller.KafkaController)
[2025-03-11 14:28:35,292] INFO [Controller id=0] Processing automatic preferred replica leader election (kafka.controller.KafkaController)
[2025-03-11 14:28:35,292] TRACE [Controller id=0] Checking need to trigger auto leader balancing (kafka.controller.KafkaController)
[2025-03-11 14:28:35,293] DEBUG [Controller id=0] Topics not in preferred replica for broker 0 Map() (kafka.controller.KafkaController)
[2025-03-11 14:28:35,293] TRACE [Controller id=0] Leader imbalance ratio for broker 0 is 0.0 (kafka.controller.KafkaController)
[2025-03-11 14:33:18,222] DEBUG [Controller id=0] Resigning (kafka.controller.KafkaController)
[2025-03-11 14:33:18,224] DEBUG [Controller id=0] Unregister BrokerModifications handler for Set(0) (kafka.controller.KafkaController)
[2025-03-11 14:33:18,232] INFO [PartitionStateMachine controllerId=0] Stopped partition state machine (kafka.controller.ZkPartitionStateMachine)
[2025-03-11 14:33:18,253] INFO [ReplicaStateMachine controllerId=0] Stopped replica state machine (kafka.controller.ZkReplicaStateMachine)
[2025-03-11 14:33:18,253] INFO [RequestSendThread controllerId=0] Shutting down (kafka.controller.RequestSendThread)
[2025-03-11 14:33:18,262] INFO [RequestSendThread controllerId=0] Stopped (kafka.controller.RequestSendThread)
[2025-03-11 14:33:18,268] INFO [RequestSendThread controllerId=0] Shutdown completed (kafka.controller.RequestSendThread)
[2025-03-11 14:33:18,705] INFO [Controller id=0] Resigned (kafka.controller.KafkaController)
[2025-03-11 14:33:32,485] INFO [Controller id=0] 0 successfully elected as the controller. Epoch incremented to 3 and epoch zk version is now 3 (kafka.controller.KafkaController)
[2025-03-11 14:33:32,507] INFO [Controller id=0] Registering handlers (kafka.controller.KafkaController)
[2025-03-11 14:33:32,551] INFO [Controller id=0] Deleting log dir event notifications (kafka.controller.KafkaController)
[2025-03-11 14:33:33,206] INFO [Controller id=0] Deleting isr change notifications (kafka.controller.KafkaController)
[2025-03-11 14:33:33,228] INFO [Controller id=0] Initializing controller context (kafka.controller.KafkaController)
[2025-03-11 14:33:33,750] INFO [Controller id=0] Initialized broker epochs cache: HashMap(0 -> 49) (kafka.controller.KafkaController)
[2025-03-11 14:33:33,974] DEBUG [Controller id=0] Register BrokerModifications handler for Set(0) (kafka.controller.KafkaController)
[2025-03-11 14:33:34,686] DEBUG [Channel manager on controller 0]: Controller 0 trying to connect to broker 0 (kafka.controller.ControllerChannelManager)
[2025-03-11 14:33:36,099] INFO [Controller id=0] Currently active brokers in the cluster: Set(0) (kafka.controller.KafkaController)
[2025-03-11 14:33:36,100] INFO [Controller id=0] Currently shutting brokers in the cluster: HashSet() (kafka.controller.KafkaController)
[2025-03-11 14:33:36,100] INFO [Controller id=0] Current list of topics in the cluster: HashSet(demo-sbms27-topic, demo-sbms27-new-topic) (kafka.controller.KafkaController)
[2025-03-11 14:33:36,101] INFO [Controller id=0] Fetching topic deletions in progress (kafka.controller.KafkaController)
[2025-03-11 14:33:36,274] INFO [Controller id=0] List of topics to be deleted:  (kafka.controller.KafkaController)
[2025-03-11 14:33:36,274] INFO [Controller id=0] List of topics ineligible for deletion:  (kafka.controller.KafkaController)
[2025-03-11 14:33:36,274] INFO [Controller id=0] Initializing topic deletion manager (kafka.controller.KafkaController)
[2025-03-11 14:33:39,734] INFO [RequestSendThread controllerId=0] Starting (kafka.controller.RequestSendThread)
[2025-03-11 14:33:39,735] INFO [Topic Deletion Manager 0] Initializing manager with initial deletions: Set(), initial ineligible deletions: HashSet() (kafka.controller.TopicDeletionManager)
[2025-03-11 14:33:39,736] INFO [Controller id=0] Sending update metadata request (kafka.controller.KafkaController)
[2025-03-11 14:33:39,755] INFO [RequestSendThread controllerId=0] Controller 0 connected to DESKTOP-EJ9V5Q1:9092 (id: 0 rack: null) for sending state change requests (kafka.controller.RequestSendThread)
[2025-03-11 14:33:39,767] INFO [ReplicaStateMachine controllerId=0] Initializing replica state (kafka.controller.ZkReplicaStateMachine)
[2025-03-11 14:33:39,901] INFO [ReplicaStateMachine controllerId=0] Triggering online replica state changes (kafka.controller.ZkReplicaStateMachine)
[2025-03-11 14:33:42,667] INFO [ReplicaStateMachine controllerId=0] Triggering offline replica state changes (kafka.controller.ZkReplicaStateMachine)
[2025-03-11 14:33:42,717] DEBUG [ReplicaStateMachine controllerId=0] Started replica state machine with initial state -> HashMap([Topic=demo-sbms27-topic,Partition=0,Replica=0] -> OnlineReplica, [Topic=demo-sbms27-new-topic,Partition=0,Replica=0] -> OnlineReplica) (kafka.controller.ZkReplicaStateMachine)
[2025-03-11 14:33:42,718] INFO [PartitionStateMachine controllerId=0] Initializing partition state (kafka.controller.ZkPartitionStateMachine)
[2025-03-11 14:33:42,734] INFO [PartitionStateMachine controllerId=0] Triggering online partition state changes (kafka.controller.ZkPartitionStateMachine)
[2025-03-11 14:33:42,736] DEBUG [PartitionStateMachine controllerId=0] Started partition state machine with initial state -> HashMap(demo-sbms27-topic-0 -> OnlinePartition, demo-sbms27-new-topic-0 -> OnlinePartition) (kafka.controller.ZkPartitionStateMachine)
[2025-03-11 14:33:42,737] INFO [Controller id=0] Ready to serve as the new controller with epoch 3 (kafka.controller.KafkaController)
[2025-03-11 14:33:42,764] INFO [Controller id=0] Partitions undergoing preferred replica election:  (kafka.controller.KafkaController)
[2025-03-11 14:33:42,765] INFO [Controller id=0] Partitions that completed preferred replica election:  (kafka.controller.KafkaController)
[2025-03-11 14:33:42,766] INFO [Controller id=0] Skipping preferred replica election for partitions due to topic deletion:  (kafka.controller.KafkaController)
[2025-03-11 14:33:42,766] INFO [Controller id=0] Resuming preferred replica election for partitions:  (kafka.controller.KafkaController)
[2025-03-11 14:33:42,769] INFO [Controller id=0] Starting replica leader election (PREFERRED) for partitions  triggered by ZkTriggered (kafka.controller.KafkaController)
[2025-03-11 14:33:46,442] INFO [Controller id=0] Starting the controller scheduler (kafka.controller.KafkaController)
[2025-03-11 14:33:51,766] INFO [Controller id=0] Processing automatic preferred replica leader election (kafka.controller.KafkaController)
[2025-03-11 14:33:51,766] TRACE [Controller id=0] Checking need to trigger auto leader balancing (kafka.controller.KafkaController)
[2025-03-11 14:33:51,773] DEBUG [Controller id=0] Topics not in preferred replica for broker 0 Map() (kafka.controller.KafkaController)
[2025-03-11 14:33:51,774] TRACE [Controller id=0] Leader imbalance ratio for broker 0 is 0.0 (kafka.controller.KafkaController)
