[2025-03-11 13:53:00,861] INFO Reading configuration from: zookeeper.properties (org.apache.zookeeper.server.quorum.QuorumPeerConfig)
[2025-03-11 13:53:00,866] WARN zookeeper.properties is relative. Prepend .\ to indicate that you're sure! (org.apache.zookeeper.server.quorum.QuorumPeerConfig)
[2025-03-11 13:53:00,877] WARN \tmp\zookeeper is relative. Prepend .\ to indicate that you're sure! (org.apache.zookeeper.server.quorum.QuorumPeerConfig)
[2025-03-11 13:53:00,892] INFO clientPortAddress is 0.0.0.0:2181 (org.apache.zookeeper.server.quorum.QuorumPeerConfig)
[2025-03-11 13:53:00,893] INFO secureClientPort is not set (org.apache.zookeeper.server.quorum.QuorumPeerConfig)
[2025-03-11 13:53:00,894] INFO observerMasterPort is not set (org.apache.zookeeper.server.quorum.QuorumPeerConfig)
[2025-03-11 13:53:00,894] INFO metricsProvider.className is org.apache.zookeeper.metrics.impl.DefaultMetricsProvider (org.apache.zookeeper.server.quorum.QuorumPeerConfig)
[2025-03-11 13:53:00,907] INFO autopurge.snapRetainCount set to 3 (org.apache.zookeeper.server.DatadirCleanupManager)
[2025-03-11 13:53:00,908] INFO autopurge.purgeInterval set to 0 (org.apache.zookeeper.server.DatadirCleanupManager)
[2025-03-11 13:53:00,908] INFO Purge task is not scheduled. (org.apache.zookeeper.server.DatadirCleanupManager)
[2025-03-11 13:53:00,909] WARN Either no config or no quorum defined in config, running in standalone mode (org.apache.zookeeper.server.quorum.QuorumPeerMain)
[2025-03-11 13:53:00,915] INFO Log4j 1.2 jmx support not found; jmx disabled. (org.apache.zookeeper.jmx.ManagedUtil)
[2025-03-11 13:53:00,918] INFO Reading configuration from: zookeeper.properties (org.apache.zookeeper.server.quorum.QuorumPeerConfig)
[2025-03-11 13:53:00,918] WARN zookeeper.properties is relative. Prepend .\ to indicate that you're sure! (org.apache.zookeeper.server.quorum.QuorumPeerConfig)
[2025-03-11 13:53:00,920] WARN \tmp\zookeeper is relative. Prepend .\ to indicate that you're sure! (org.apache.zookeeper.server.quorum.QuorumPeerConfig)
[2025-03-11 13:53:00,921] INFO clientPortAddress is 0.0.0.0:2181 (org.apache.zookeeper.server.quorum.QuorumPeerConfig)
[2025-03-11 13:53:00,921] INFO secureClientPort is not set (org.apache.zookeeper.server.quorum.QuorumPeerConfig)
[2025-03-11 13:53:00,921] INFO observerMasterPort is not set (org.apache.zookeeper.server.quorum.QuorumPeerConfig)
[2025-03-11 13:53:00,922] INFO metricsProvider.className is org.apache.zookeeper.metrics.impl.DefaultMetricsProvider (org.apache.zookeeper.server.quorum.QuorumPeerConfig)
[2025-03-11 13:53:00,924] INFO Starting server (org.apache.zookeeper.server.ZooKeeperServerMain)
[2025-03-11 13:53:00,968] INFO ServerMetrics initialized with provider org.apache.zookeeper.metrics.impl.DefaultMetricsProvider@6bf256fa (org.apache.zookeeper.server.ServerMetrics)
[2025-03-11 13:53:00,978] INFO zookeeper.snapshot.trust.empty : false (org.apache.zookeeper.server.persistence.FileTxnSnapLog)
[2025-03-11 13:53:01,014] INFO  (org.apache.zookeeper.server.ZooKeeperServer)
[2025-03-11 13:53:01,014] INFO   ______                  _                                           (org.apache.zookeeper.server.ZooKeeperServer)
[2025-03-11 13:53:01,015] INFO  |___  /                 | |                                          (org.apache.zookeeper.server.ZooKeeperServer)
[2025-03-11 13:53:01,017] INFO     / /    ___     ___   | | __   ___    ___   _ __     ___   _ __    (org.apache.zookeeper.server.ZooKeeperServer)
[2025-03-11 13:53:01,017] INFO    / /    / _ \   / _ \  | |/ /  / _ \  / _ \ | '_ \   / _ \ | '__| (org.apache.zookeeper.server.ZooKeeperServer)
[2025-03-11 13:53:01,018] INFO   / /__  | (_) | | (_) | |   <  |  __/ |  __/ | |_) | |  __/ | |     (org.apache.zookeeper.server.ZooKeeperServer)
[2025-03-11 13:53:01,019] INFO  /_____|  \___/   \___/  |_|\_\  \___|  \___| | .__/   \___| |_| (org.apache.zookeeper.server.ZooKeeperServer)
[2025-03-11 13:53:01,019] INFO                                               | |                      (org.apache.zookeeper.server.ZooKeeperServer)
[2025-03-11 13:53:01,020] INFO                                               |_|                      (org.apache.zookeeper.server.ZooKeeperServer)
[2025-03-11 13:53:01,020] INFO  (org.apache.zookeeper.server.ZooKeeperServer)
[2025-03-11 13:53:01,028] INFO Server environment:zookeeper.version=3.6.3--6401e4ad2087061bc6b9f80dec2d69f2e3c8660a, built on 04/08/2021 16:35 GMT (org.apache.zookeeper.server.ZooKeeperServer)
[2025-03-11 13:53:01,029] INFO Server environment:host.name=DESKTOP-EJ9V5Q1 (org.apache.zookeeper.server.ZooKeeperServer)
[2025-03-11 13:53:01,030] INFO Server environment:java.version=1.8.0_202 (org.apache.zookeeper.server.ZooKeeperServer)
[2025-03-11 13:53:01,031] INFO Server environment:java.vendor=Oracle Corporation (org.apache.zookeeper.server.ZooKeeperServer)
[2025-03-11 13:53:01,031] INFO Server environment:java.home=C:\Program Files\Java\jdk1.8.0_202\jre (org.apache.zookeeper.server.ZooKeeperServer)
[2025-03-11 13:53:01,032] INFO Server environment:java.class.path=E:\workspace\Ashokit\kafka_2.13-3.2.0\libs\activation-1.1.1.jar;E:\workspace\Ashokit\kafka_2.13-3.2.0\libs\aopalliance-repackaged-2.6.1.jar;E:\workspace\Ashokit\kafka_2.13-3.2.0\libs\argparse4j-0.7.0.jar;E:\workspace\Ashokit\kafka_2.13-3.2.0\libs\audience-annotations-0.5.0.jar;E:\workspace\Ashokit\kafka_2.13-3.2.0\libs\commons-cli-1.4.jar;E:\workspace\Ashokit\kafka_2.13-3.2.0\libs\commons-lang3-3.8.1.jar;E:\workspace\Ashokit\kafka_2.13-3.2.0\libs\connect-api-3.2.0.jar;E:\workspace\Ashokit\kafka_2.13-3.2.0\libs\connect-basic-auth-extension-3.2.0.jar;E:\workspace\Ashokit\kafka_2.13-3.2.0\libs\connect-file-3.2.0.jar;E:\workspace\Ashokit\kafka_2.13-3.2.0\libs\connect-json-3.2.0.jar;E:\workspace\Ashokit\kafka_2.13-3.2.0\libs\connect-mirror-3.2.0.jar;E:\workspace\Ashokit\kafka_2.13-3.2.0\libs\connect-mirror-client-3.2.0.jar;E:\workspace\Ashokit\kafka_2.13-3.2.0\libs\connect-runtime-3.2.0.jar;E:\workspace\Ashokit\kafka_2.13-3.2.0\libs\connect-transforms-3.2.0.jar;E:\workspace\Ashokit\kafka_2.13-3.2.0\libs\hk2-api-2.6.1.jar;E:\workspace\Ashokit\kafka_2.13-3.2.0\libs\hk2-locator-2.6.1.jar;E:\workspace\Ashokit\kafka_2.13-3.2.0\libs\hk2-utils-2.6.1.jar;E:\workspace\Ashokit\kafka_2.13-3.2.0\libs\jackson-annotations-2.12.6.jar;E:\workspace\Ashokit\kafka_2.13-3.2.0\libs\jackson-core-2.12.6.jar;E:\workspace\Ashokit\kafka_2.13-3.2.0\libs\jackson-databind-2.12.6.1.jar;E:\workspace\Ashokit\kafka_2.13-3.2.0\libs\jackson-dataformat-csv-2.12.6.jar;E:\workspace\Ashokit\kafka_2.13-3.2.0\libs\jackson-datatype-jdk8-2.12.6.jar;E:\workspace\Ashokit\kafka_2.13-3.2.0\libs\jackson-jaxrs-base-2.12.6.jar;E:\workspace\Ashokit\kafka_2.13-3.2.0\libs\jackson-jaxrs-json-provider-2.12.6.jar;E:\workspace\Ashokit\kafka_2.13-3.2.0\libs\jackson-module-jaxb-annotations-2.12.6.jar;E:\workspace\Ashokit\kafka_2.13-3.2.0\libs\jackson-module-scala_2.13-2.12.6.jar;E:\workspace\Ashokit\kafka_2.13-3.2.0\libs\jakarta.activation-api-1.2.1.jar;E:\workspace\Ashokit\kafka_2.13-3.2.0\libs\jakarta.annotation-api-1.3.5.jar;E:\workspace\Ashokit\kafka_2.13-3.2.0\libs\jakarta.inject-2.6.1.jar;E:\workspace\Ashokit\kafka_2.13-3.2.0\libs\jakarta.validation-api-2.0.2.jar;E:\workspace\Ashokit\kafka_2.13-3.2.0\libs\jakarta.ws.rs-api-2.1.6.jar;E:\workspace\Ashokit\kafka_2.13-3.2.0\libs\jakarta.xml.bind-api-2.3.2.jar;E:\workspace\Ashokit\kafka_2.13-3.2.0\libs\javassist-3.27.0-GA.jar;E:\workspace\Ashokit\kafka_2.13-3.2.0\libs\javax.servlet-api-3.1.0.jar;E:\workspace\Ashokit\kafka_2.13-3.2.0\libs\javax.ws.rs-api-2.1.1.jar;E:\workspace\Ashokit\kafka_2.13-3.2.0\libs\jaxb-api-2.3.0.jar;E:\workspace\Ashokit\kafka_2.13-3.2.0\libs\jersey-client-2.34.jar;E:\workspace\Ashokit\kafka_2.13-3.2.0\libs\jersey-common-2.34.jar;E:\workspace\Ashokit\kafka_2.13-3.2.0\libs\jersey-container-servlet-2.34.jar;E:\workspace\Ashokit\kafka_2.13-3.2.0\libs\jersey-container-servlet-core-2.34.jar;E:\workspace\Ashokit\kafka_2.13-3.2.0\libs\jersey-hk2-2.34.jar;E:\workspace\Ashokit\kafka_2.13-3.2.0\libs\jersey-server-2.34.jar;E:\workspace\Ashokit\kafka_2.13-3.2.0\libs\jetty-client-9.4.44.v20210927.jar;E:\workspace\Ashokit\kafka_2.13-3.2.0\libs\jetty-continuation-9.4.44.v20210927.jar;E:\workspace\Ashokit\kafka_2.13-3.2.0\libs\jetty-http-9.4.44.v20210927.jar;E:\workspace\Ashokit\kafka_2.13-3.2.0\libs\jetty-io-9.4.44.v20210927.jar;E:\workspace\Ashokit\kafka_2.13-3.2.0\libs\jetty-security-9.4.44.v20210927.jar;E:\workspace\Ashokit\kafka_2.13-3.2.0\libs\jetty-server-9.4.44.v20210927.jar;E:\workspace\Ashokit\kafka_2.13-3.2.0\libs\jetty-servlet-9.4.44.v20210927.jar;E:\workspace\Ashokit\kafka_2.13-3.2.0\libs\jetty-servlets-9.4.44.v20210927.jar;E:\workspace\Ashokit\kafka_2.13-3.2.0\libs\jetty-util-9.4.44.v20210927.jar;E:\workspace\Ashokit\kafka_2.13-3.2.0\libs\jetty-util-ajax-9.4.44.v20210927.jar;E:\workspace\Ashokit\kafka_2.13-3.2.0\libs\jline-3.21.0.jar;E:\workspace\Ashokit\kafka_2.13-3.2.0\libs\jopt-simple-5.0.4.jar;E:\workspace\Ashokit\kafka_2.13-3.2.0\libs\jose4j-0.7.9.jar;E:\workspace\Ashokit\kafka_2.13-3.2.0\libs\kafka-clients-3.2.0.jar;E:\workspace\Ashokit\kafka_2.13-3.2.0\libs\kafka-log4j-appender-3.2.0.jar;E:\workspace\Ashokit\kafka_2.13-3.2.0\libs\kafka-metadata-3.2.0.jar;E:\workspace\Ashokit\kafka_2.13-3.2.0\libs\kafka-raft-3.2.0.jar;E:\workspace\Ashokit\kafka_2.13-3.2.0\libs\kafka-server-common-3.2.0.jar;E:\workspace\Ashokit\kafka_2.13-3.2.0\libs\kafka-shell-3.2.0.jar;E:\workspace\Ashokit\kafka_2.13-3.2.0\libs\kafka-storage-3.2.0.jar;E:\workspace\Ashokit\kafka_2.13-3.2.0\libs\kafka-storage-api-3.2.0.jar;E:\workspace\Ashokit\kafka_2.13-3.2.0\libs\kafka-streams-3.2.0.jar;E:\workspace\Ashokit\kafka_2.13-3.2.0\libs\kafka-streams-examples-3.2.0.jar;E:\workspace\Ashokit\kafka_2.13-3.2.0\libs\kafka-streams-scala_2.13-3.2.0.jar;E:\workspace\Ashokit\kafka_2.13-3.2.0\libs\kafka-streams-test-utils-3.2.0.jar;E:\workspace\Ashokit\kafka_2.13-3.2.0\libs\kafka-tools-3.2.0.jar;E:\workspace\Ashokit\kafka_2.13-3.2.0\libs\kafka_2.13-3.2.0.jar;E:\workspace\Ashokit\kafka_2.13-3.2.0\libs\lz4-java-1.8.0.jar;E:\workspace\Ashokit\kafka_2.13-3.2.0\libs\maven-artifact-3.8.4.jar;E:\workspace\Ashokit\kafka_2.13-3.2.0\libs\metrics-core-2.2.0.jar;E:\workspace\Ashokit\kafka_2.13-3.2.0\libs\metrics-core-4.1.12.1.jar;E:\workspace\Ashokit\kafka_2.13-3.2.0\libs\netty-buffer-4.1.73.Final.jar;E:\workspace\Ashokit\kafka_2.13-3.2.0\libs\netty-codec-4.1.73.Final.jar;E:\workspace\Ashokit\kafka_2.13-3.2.0\libs\netty-common-4.1.73.Final.jar;E:\workspace\Ashokit\kafka_2.13-3.2.0\libs\netty-handler-4.1.73.Final.jar;E:\workspace\Ashokit\kafka_2.13-3.2.0\libs\netty-resolver-4.1.73.Final.jar;E:\workspace\Ashokit\kafka_2.13-3.2.0\libs\netty-tcnative-classes-2.0.46.Final.jar;E:\workspace\Ashokit\kafka_2.13-3.2.0\libs\netty-transport-4.1.73.Final.jar;E:\workspace\Ashokit\kafka_2.13-3.2.0\libs\netty-transport-classes-epoll-4.1.73.Final.jar;E:\workspace\Ashokit\kafka_2.13-3.2.0\libs\netty-transport-native-epoll-4.1.73.Final.jar;E:\workspace\Ashokit\kafka_2.13-3.2.0\libs\netty-transport-native-unix-common-4.1.73.Final.jar;E:\workspace\Ashokit\kafka_2.13-3.2.0\libs\osgi-resource-locator-1.0.3.jar;E:\workspace\Ashokit\kafka_2.13-3.2.0\libs\paranamer-2.8.jar;E:\workspace\Ashokit\kafka_2.13-3.2.0\libs\plexus-utils-3.3.0.jar;E:\workspace\Ashokit\kafka_2.13-3.2.0\libs\reflections-0.9.12.jar;E:\workspace\Ashokit\kafka_2.13-3.2.0\libs\reload4j-1.2.19.jar;E:\workspace\Ashokit\kafka_2.13-3.2.0\libs\rocksdbjni-6.29.4.1.jar;E:\workspace\Ashokit\kafka_2.13-3.2.0\libs\scala-collection-compat_2.13-2.6.0.jar;E:\workspace\Ashokit\kafka_2.13-3.2.0\libs\scala-java8-compat_2.13-1.0.2.jar;E:\workspace\Ashokit\kafka_2.13-3.2.0\libs\scala-library-2.13.8.jar;E:\workspace\Ashokit\kafka_2.13-3.2.0\libs\scala-logging_2.13-3.9.4.jar;E:\workspace\Ashokit\kafka_2.13-3.2.0\libs\scala-reflect-2.13.8.jar;E:\workspace\Ashokit\kafka_2.13-3.2.0\libs\slf4j-api-1.7.36.jar;E:\workspace\Ashokit\kafka_2.13-3.2.0\libs\slf4j-reload4j-1.7.36.jar;E:\workspace\Ashokit\kafka_2.13-3.2.0\libs\snappy-java-1.1.8.4.jar;E:\workspace\Ashokit\kafka_2.13-3.2.0\libs\trogdor-3.2.0.jar;E:\workspace\Ashokit\kafka_2.13-3.2.0\libs\zookeeper-3.6.3.jar;E:\workspace\Ashokit\kafka_2.13-3.2.0\libs\zookeeper-jute-3.6.3.jar;E:\workspace\Ashokit\kafka_2.13-3.2.0\libs\zstd-jni-1.5.2-1.jar (org.apache.zookeeper.server.ZooKeeperServer)
[2025-03-11 13:53:01,033] INFO Server environment:java.library.path=C:\Program Files\Java\jdk1.8.0_202\bin;C:\WINDOWS\Sun\Java\bin;C:\WINDOWS\system32;C:\WINDOWS;C:\Program Files (x86)\Common Files\Intel\Shared Libraries\redist\intel64\compiler;C:\Python310\Scripts\;C:\Python310\;C:\Program Files (x86)\Common Files\Oracle\Java\javapath;C:\WINDOWS\system32;C:\WINDOWS;C:\WINDOWS\System32\Wbem;C:\WINDOWS\System32\WindowsPowerShell\v1.0\;C:\WINDOWS\System32\OpenSSH\;C:\Program Files\Java\jdk1.8.0_202\BIN;C:\Program Files\nodejs\;C:\ProgramData\chocolatey\bin;C:\Program Files\dotnet\;C:\Program Files\Intel\WiFi\bin\;C:\Program Files\Common Files\Intel\WirelessCommon\;C:\Program Files\Git\cmd;C:\Program Files\Redis\;E:\workspace\Ashokit\apache-zookeeper-3.7.1-bin\bin;C:\Program Files\MySQL\MySQL Shell 8.0\bin\;C:\Users\sadil\AppData\Local\Microsoft\WindowsApps;C:\Users\sadil\AppData\Roaming\npm;C:\Program Files\Intel\WiFi\bin\;C:\Program Files\Common Files\Intel\WirelessCommon\;C:\Program Files\JetBrains\IntelliJ IDEA Community Edition 2024.3\bin;;. (org.apache.zookeeper.server.ZooKeeperServer)
[2025-03-11 13:53:01,034] INFO Server environment:java.io.tmpdir=C:\Users\sadil\AppData\Local\Temp\ (org.apache.zookeeper.server.ZooKeeperServer)
[2025-03-11 13:53:01,034] INFO Server environment:java.compiler=<NA> (org.apache.zookeeper.server.ZooKeeperServer)
[2025-03-11 13:53:01,035] INFO Server environment:os.name=Windows 10 (org.apache.zookeeper.server.ZooKeeperServer)
[2025-03-11 13:53:01,035] INFO Server environment:os.arch=amd64 (org.apache.zookeeper.server.ZooKeeperServer)
[2025-03-11 13:53:01,036] INFO Server environment:os.version=10.0 (org.apache.zookeeper.server.ZooKeeperServer)
[2025-03-11 13:53:01,037] INFO Server environment:user.name=sadil (org.apache.zookeeper.server.ZooKeeperServer)
[2025-03-11 13:53:01,037] INFO Server environment:user.home=C:\Users\sadil (org.apache.zookeeper.server.ZooKeeperServer)
[2025-03-11 13:53:01,038] INFO Server environment:user.dir=E:\workspace\Ashokit\kafka_2.13-3.2.0\bin\windows (org.apache.zookeeper.server.ZooKeeperServer)
[2025-03-11 13:53:01,038] INFO Server environment:os.memory.free=493MB (org.apache.zookeeper.server.ZooKeeperServer)
[2025-03-11 13:53:01,039] INFO Server environment:os.memory.max=512MB (org.apache.zookeeper.server.ZooKeeperServer)
[2025-03-11 13:53:01,040] INFO Server environment:os.memory.total=512MB (org.apache.zookeeper.server.ZooKeeperServer)
[2025-03-11 13:53:01,040] INFO zookeeper.enableEagerACLCheck = false (org.apache.zookeeper.server.ZooKeeperServer)
[2025-03-11 13:53:01,041] INFO zookeeper.digest.enabled = true (org.apache.zookeeper.server.ZooKeeperServer)
[2025-03-11 13:53:01,042] INFO zookeeper.closeSessionTxn.enabled = true (org.apache.zookeeper.server.ZooKeeperServer)
[2025-03-11 13:53:01,047] INFO zookeeper.flushDelay=0 (org.apache.zookeeper.server.ZooKeeperServer)
[2025-03-11 13:53:01,048] INFO zookeeper.maxWriteQueuePollTime=0 (org.apache.zookeeper.server.ZooKeeperServer)
[2025-03-11 13:53:01,049] INFO zookeeper.maxBatchSize=1000 (org.apache.zookeeper.server.ZooKeeperServer)
[2025-03-11 13:53:01,049] INFO zookeeper.intBufferStartingSizeBytes = 1024 (org.apache.zookeeper.server.ZooKeeperServer)
[2025-03-11 13:53:01,052] INFO Weighed connection throttling is disabled (org.apache.zookeeper.server.BlueThrottle)
[2025-03-11 13:53:01,055] INFO minSessionTimeout set to 6000 (org.apache.zookeeper.server.ZooKeeperServer)
[2025-03-11 13:53:01,055] INFO maxSessionTimeout set to 60000 (org.apache.zookeeper.server.ZooKeeperServer)
[2025-03-11 13:53:01,059] INFO Response cache size is initialized with value 400. (org.apache.zookeeper.server.ResponseCache)
[2025-03-11 13:53:01,061] INFO Response cache size is initialized with value 400. (org.apache.zookeeper.server.ResponseCache)
[2025-03-11 13:53:01,064] INFO zookeeper.pathStats.slotCapacity = 60 (org.apache.zookeeper.server.util.RequestPathMetricsCollector)
[2025-03-11 13:53:01,064] INFO zookeeper.pathStats.slotDuration = 15 (org.apache.zookeeper.server.util.RequestPathMetricsCollector)
[2025-03-11 13:53:01,065] INFO zookeeper.pathStats.maxDepth = 6 (org.apache.zookeeper.server.util.RequestPathMetricsCollector)
[2025-03-11 13:53:01,065] INFO zookeeper.pathStats.initialDelay = 5 (org.apache.zookeeper.server.util.RequestPathMetricsCollector)
[2025-03-11 13:53:01,066] INFO zookeeper.pathStats.delay = 5 (org.apache.zookeeper.server.util.RequestPathMetricsCollector)
[2025-03-11 13:53:01,066] INFO zookeeper.pathStats.enabled = false (org.apache.zookeeper.server.util.RequestPathMetricsCollector)
[2025-03-11 13:53:01,072] INFO The max bytes for all large requests are set to 104857600 (org.apache.zookeeper.server.ZooKeeperServer)
[2025-03-11 13:53:01,072] INFO The large request threshold is set to -1 (org.apache.zookeeper.server.ZooKeeperServer)
[2025-03-11 13:53:01,073] INFO Created server with tickTime 3000 minSessionTimeout 6000 maxSessionTimeout 60000 clientPortListenBacklog -1 datadir \tmp\zookeeper\version-2 snapdir \tmp\zookeeper\version-2 (org.apache.zookeeper.server.ZooKeeperServer)
[2025-03-11 13:53:01,119] INFO Using org.apache.zookeeper.server.NIOServerCnxnFactory as server connection factory (org.apache.zookeeper.server.ServerCnxnFactory)
[2025-03-11 13:53:01,124] WARN maxCnxns is not configured, using default value 0. (org.apache.zookeeper.server.ServerCnxnFactory)
[2025-03-11 13:53:01,130] INFO Configuring NIO connection handler with 10s sessionless connection timeout, 1 selector thread(s), 8 worker threads, and 64 kB direct buffers. (org.apache.zookeeper.server.NIOServerCnxnFactory)
[2025-03-11 13:53:01,135] INFO binding to port 0.0.0.0/0.0.0.0:2181 (org.apache.zookeeper.server.NIOServerCnxnFactory)
[2025-03-11 13:53:01,170] INFO Using org.apache.zookeeper.server.watch.WatchManager as watch manager (org.apache.zookeeper.server.watch.WatchManagerFactory)
[2025-03-11 13:53:01,171] INFO Using org.apache.zookeeper.server.watch.WatchManager as watch manager (org.apache.zookeeper.server.watch.WatchManagerFactory)
[2025-03-11 13:53:01,172] INFO zookeeper.snapshotSizeFactor = 0.33 (org.apache.zookeeper.server.ZKDatabase)
[2025-03-11 13:53:01,174] INFO zookeeper.commitLogCount=500 (org.apache.zookeeper.server.ZKDatabase)
[2025-03-11 13:53:01,187] INFO zookeeper.snapshot.compression.method = CHECKED (org.apache.zookeeper.server.persistence.SnapStream)
[2025-03-11 13:53:01,187] INFO Snapshotting: 0x0 to \tmp\zookeeper\version-2\snapshot.0 (org.apache.zookeeper.server.persistence.FileTxnSnapLog)
[2025-03-11 13:53:01,195] INFO Snapshot loaded in 20 ms, highest zxid is 0x0, digest is 1371985504 (org.apache.zookeeper.server.ZKDatabase)
[2025-03-11 13:53:01,196] INFO Snapshotting: 0x0 to \tmp\zookeeper\version-2\snapshot.0 (org.apache.zookeeper.server.persistence.FileTxnSnapLog)
[2025-03-11 13:53:01,199] INFO Snapshot taken in 3 ms (org.apache.zookeeper.server.ZooKeeperServer)
[2025-03-11 13:53:01,247] INFO PrepRequestProcessor (sid:0) started, reconfigEnabled=false (org.apache.zookeeper.server.PrepRequestProcessor)
[2025-03-11 13:53:01,248] INFO zookeeper.request_throttler.shutdownTimeout = 10000 (org.apache.zookeeper.server.RequestThrottler)
[2025-03-11 13:53:01,292] INFO Using checkIntervalMs=60000 maxPerMinute=10000 maxNeverUsedIntervalMs=0 (org.apache.zookeeper.server.ContainerManager)
[2025-03-11 13:53:01,295] INFO ZooKeeper audit is disabled. (org.apache.zookeeper.audit.ZKAuditProvider)
[2025-03-11 13:57:38,338] INFO Registered kafka:type=kafka.Log4jController MBean (kafka.utils.Log4jControllerRegistration$)
[2025-03-11 13:57:38,908] INFO Setting -D jdk.tls.rejectClientInitiatedRenegotiation=true to disable client-initiated TLS renegotiation (org.apache.zookeeper.common.X509Util)
[2025-03-11 13:57:39,128] INFO starting (kafka.server.KafkaServer)
[2025-03-11 13:57:39,129] INFO Connecting to zookeeper on localhost:2181 (kafka.server.KafkaServer)
[2025-03-11 13:57:39,168] INFO [ZooKeeperClient Kafka server] Initializing a new session to localhost:2181. (kafka.zookeeper.ZooKeeperClient)
[2025-03-11 13:57:39,177] INFO Client environment:zookeeper.version=3.6.3--6401e4ad2087061bc6b9f80dec2d69f2e3c8660a, built on 04/08/2021 16:35 GMT (org.apache.zookeeper.ZooKeeper)
[2025-03-11 13:57:39,177] INFO Client environment:host.name=DESKTOP-EJ9V5Q1 (org.apache.zookeeper.ZooKeeper)
[2025-03-11 13:57:39,178] INFO Client environment:java.version=1.8.0_202 (org.apache.zookeeper.ZooKeeper)
[2025-03-11 13:57:39,178] INFO Client environment:java.vendor=Oracle Corporation (org.apache.zookeeper.ZooKeeper)
[2025-03-11 13:57:39,178] INFO Client environment:java.home=C:\Program Files\Java\jdk1.8.0_202\jre (org.apache.zookeeper.ZooKeeper)
[2025-03-11 13:57:39,178] INFO Client environment:java.class.path=E:\workspace\Ashokit\kafka_2.13-3.2.0\libs\activation-1.1.1.jar;E:\workspace\Ashokit\kafka_2.13-3.2.0\libs\aopalliance-repackaged-2.6.1.jar;E:\workspace\Ashokit\kafka_2.13-3.2.0\libs\argparse4j-0.7.0.jar;E:\workspace\Ashokit\kafka_2.13-3.2.0\libs\audience-annotations-0.5.0.jar;E:\workspace\Ashokit\kafka_2.13-3.2.0\libs\commons-cli-1.4.jar;E:\workspace\Ashokit\kafka_2.13-3.2.0\libs\commons-lang3-3.8.1.jar;E:\workspace\Ashokit\kafka_2.13-3.2.0\libs\connect-api-3.2.0.jar;E:\workspace\Ashokit\kafka_2.13-3.2.0\libs\connect-basic-auth-extension-3.2.0.jar;E:\workspace\Ashokit\kafka_2.13-3.2.0\libs\connect-file-3.2.0.jar;E:\workspace\Ashokit\kafka_2.13-3.2.0\libs\connect-json-3.2.0.jar;E:\workspace\Ashokit\kafka_2.13-3.2.0\libs\connect-mirror-3.2.0.jar;E:\workspace\Ashokit\kafka_2.13-3.2.0\libs\connect-mirror-client-3.2.0.jar;E:\workspace\Ashokit\kafka_2.13-3.2.0\libs\connect-runtime-3.2.0.jar;E:\workspace\Ashokit\kafka_2.13-3.2.0\libs\connect-transforms-3.2.0.jar;E:\workspace\Ashokit\kafka_2.13-3.2.0\libs\hk2-api-2.6.1.jar;E:\workspace\Ashokit\kafka_2.13-3.2.0\libs\hk2-locator-2.6.1.jar;E:\workspace\Ashokit\kafka_2.13-3.2.0\libs\hk2-utils-2.6.1.jar;E:\workspace\Ashokit\kafka_2.13-3.2.0\libs\jackson-annotations-2.12.6.jar;E:\workspace\Ashokit\kafka_2.13-3.2.0\libs\jackson-core-2.12.6.jar;E:\workspace\Ashokit\kafka_2.13-3.2.0\libs\jackson-databind-2.12.6.1.jar;E:\workspace\Ashokit\kafka_2.13-3.2.0\libs\jackson-dataformat-csv-2.12.6.jar;E:\workspace\Ashokit\kafka_2.13-3.2.0\libs\jackson-datatype-jdk8-2.12.6.jar;E:\workspace\Ashokit\kafka_2.13-3.2.0\libs\jackson-jaxrs-base-2.12.6.jar;E:\workspace\Ashokit\kafka_2.13-3.2.0\libs\jackson-jaxrs-json-provider-2.12.6.jar;E:\workspace\Ashokit\kafka_2.13-3.2.0\libs\jackson-module-jaxb-annotations-2.12.6.jar;E:\workspace\Ashokit\kafka_2.13-3.2.0\libs\jackson-module-scala_2.13-2.12.6.jar;E:\workspace\Ashokit\kafka_2.13-3.2.0\libs\jakarta.activation-api-1.2.1.jar;E:\workspace\Ashokit\kafka_2.13-3.2.0\libs\jakarta.annotation-api-1.3.5.jar;E:\workspace\Ashokit\kafka_2.13-3.2.0\libs\jakarta.inject-2.6.1.jar;E:\workspace\Ashokit\kafka_2.13-3.2.0\libs\jakarta.validation-api-2.0.2.jar;E:\workspace\Ashokit\kafka_2.13-3.2.0\libs\jakarta.ws.rs-api-2.1.6.jar;E:\workspace\Ashokit\kafka_2.13-3.2.0\libs\jakarta.xml.bind-api-2.3.2.jar;E:\workspace\Ashokit\kafka_2.13-3.2.0\libs\javassist-3.27.0-GA.jar;E:\workspace\Ashokit\kafka_2.13-3.2.0\libs\javax.servlet-api-3.1.0.jar;E:\workspace\Ashokit\kafka_2.13-3.2.0\libs\javax.ws.rs-api-2.1.1.jar;E:\workspace\Ashokit\kafka_2.13-3.2.0\libs\jaxb-api-2.3.0.jar;E:\workspace\Ashokit\kafka_2.13-3.2.0\libs\jersey-client-2.34.jar;E:\workspace\Ashokit\kafka_2.13-3.2.0\libs\jersey-common-2.34.jar;E:\workspace\Ashokit\kafka_2.13-3.2.0\libs\jersey-container-servlet-2.34.jar;E:\workspace\Ashokit\kafka_2.13-3.2.0\libs\jersey-container-servlet-core-2.34.jar;E:\workspace\Ashokit\kafka_2.13-3.2.0\libs\jersey-hk2-2.34.jar;E:\workspace\Ashokit\kafka_2.13-3.2.0\libs\jersey-server-2.34.jar;E:\workspace\Ashokit\kafka_2.13-3.2.0\libs\jetty-client-9.4.44.v20210927.jar;E:\workspace\Ashokit\kafka_2.13-3.2.0\libs\jetty-continuation-9.4.44.v20210927.jar;E:\workspace\Ashokit\kafka_2.13-3.2.0\libs\jetty-http-9.4.44.v20210927.jar;E:\workspace\Ashokit\kafka_2.13-3.2.0\libs\jetty-io-9.4.44.v20210927.jar;E:\workspace\Ashokit\kafka_2.13-3.2.0\libs\jetty-security-9.4.44.v20210927.jar;E:\workspace\Ashokit\kafka_2.13-3.2.0\libs\jetty-server-9.4.44.v20210927.jar;E:\workspace\Ashokit\kafka_2.13-3.2.0\libs\jetty-servlet-9.4.44.v20210927.jar;E:\workspace\Ashokit\kafka_2.13-3.2.0\libs\jetty-servlets-9.4.44.v20210927.jar;E:\workspace\Ashokit\kafka_2.13-3.2.0\libs\jetty-util-9.4.44.v20210927.jar;E:\workspace\Ashokit\kafka_2.13-3.2.0\libs\jetty-util-ajax-9.4.44.v20210927.jar;E:\workspace\Ashokit\kafka_2.13-3.2.0\libs\jline-3.21.0.jar;E:\workspace\Ashokit\kafka_2.13-3.2.0\libs\jopt-simple-5.0.4.jar;E:\workspace\Ashokit\kafka_2.13-3.2.0\libs\jose4j-0.7.9.jar;E:\workspace\Ashokit\kafka_2.13-3.2.0\libs\kafka-clients-3.2.0.jar;E:\workspace\Ashokit\kafka_2.13-3.2.0\libs\kafka-log4j-appender-3.2.0.jar;E:\workspace\Ashokit\kafka_2.13-3.2.0\libs\kafka-metadata-3.2.0.jar;E:\workspace\Ashokit\kafka_2.13-3.2.0\libs\kafka-raft-3.2.0.jar;E:\workspace\Ashokit\kafka_2.13-3.2.0\libs\kafka-server-common-3.2.0.jar;E:\workspace\Ashokit\kafka_2.13-3.2.0\libs\kafka-shell-3.2.0.jar;E:\workspace\Ashokit\kafka_2.13-3.2.0\libs\kafka-storage-3.2.0.jar;E:\workspace\Ashokit\kafka_2.13-3.2.0\libs\kafka-storage-api-3.2.0.jar;E:\workspace\Ashokit\kafka_2.13-3.2.0\libs\kafka-streams-3.2.0.jar;E:\workspace\Ashokit\kafka_2.13-3.2.0\libs\kafka-streams-examples-3.2.0.jar;E:\workspace\Ashokit\kafka_2.13-3.2.0\libs\kafka-streams-scala_2.13-3.2.0.jar;E:\workspace\Ashokit\kafka_2.13-3.2.0\libs\kafka-streams-test-utils-3.2.0.jar;E:\workspace\Ashokit\kafka_2.13-3.2.0\libs\kafka-tools-3.2.0.jar;E:\workspace\Ashokit\kafka_2.13-3.2.0\libs\kafka_2.13-3.2.0.jar;E:\workspace\Ashokit\kafka_2.13-3.2.0\libs\lz4-java-1.8.0.jar;E:\workspace\Ashokit\kafka_2.13-3.2.0\libs\maven-artifact-3.8.4.jar;E:\workspace\Ashokit\kafka_2.13-3.2.0\libs\metrics-core-2.2.0.jar;E:\workspace\Ashokit\kafka_2.13-3.2.0\libs\metrics-core-4.1.12.1.jar;E:\workspace\Ashokit\kafka_2.13-3.2.0\libs\netty-buffer-4.1.73.Final.jar;E:\workspace\Ashokit\kafka_2.13-3.2.0\libs\netty-codec-4.1.73.Final.jar;E:\workspace\Ashokit\kafka_2.13-3.2.0\libs\netty-common-4.1.73.Final.jar;E:\workspace\Ashokit\kafka_2.13-3.2.0\libs\netty-handler-4.1.73.Final.jar;E:\workspace\Ashokit\kafka_2.13-3.2.0\libs\netty-resolver-4.1.73.Final.jar;E:\workspace\Ashokit\kafka_2.13-3.2.0\libs\netty-tcnative-classes-2.0.46.Final.jar;E:\workspace\Ashokit\kafka_2.13-3.2.0\libs\netty-transport-4.1.73.Final.jar;E:\workspace\Ashokit\kafka_2.13-3.2.0\libs\netty-transport-classes-epoll-4.1.73.Final.jar;E:\workspace\Ashokit\kafka_2.13-3.2.0\libs\netty-transport-native-epoll-4.1.73.Final.jar;E:\workspace\Ashokit\kafka_2.13-3.2.0\libs\netty-transport-native-unix-common-4.1.73.Final.jar;E:\workspace\Ashokit\kafka_2.13-3.2.0\libs\osgi-resource-locator-1.0.3.jar;E:\workspace\Ashokit\kafka_2.13-3.2.0\libs\paranamer-2.8.jar;E:\workspace\Ashokit\kafka_2.13-3.2.0\libs\plexus-utils-3.3.0.jar;E:\workspace\Ashokit\kafka_2.13-3.2.0\libs\reflections-0.9.12.jar;E:\workspace\Ashokit\kafka_2.13-3.2.0\libs\reload4j-1.2.19.jar;E:\workspace\Ashokit\kafka_2.13-3.2.0\libs\rocksdbjni-6.29.4.1.jar;E:\workspace\Ashokit\kafka_2.13-3.2.0\libs\scala-collection-compat_2.13-2.6.0.jar;E:\workspace\Ashokit\kafka_2.13-3.2.0\libs\scala-java8-compat_2.13-1.0.2.jar;E:\workspace\Ashokit\kafka_2.13-3.2.0\libs\scala-library-2.13.8.jar;E:\workspace\Ashokit\kafka_2.13-3.2.0\libs\scala-logging_2.13-3.9.4.jar;E:\workspace\Ashokit\kafka_2.13-3.2.0\libs\scala-reflect-2.13.8.jar;E:\workspace\Ashokit\kafka_2.13-3.2.0\libs\slf4j-api-1.7.36.jar;E:\workspace\Ashokit\kafka_2.13-3.2.0\libs\slf4j-reload4j-1.7.36.jar;E:\workspace\Ashokit\kafka_2.13-3.2.0\libs\snappy-java-1.1.8.4.jar;E:\workspace\Ashokit\kafka_2.13-3.2.0\libs\trogdor-3.2.0.jar;E:\workspace\Ashokit\kafka_2.13-3.2.0\libs\zookeeper-3.6.3.jar;E:\workspace\Ashokit\kafka_2.13-3.2.0\libs\zookeeper-jute-3.6.3.jar;E:\workspace\Ashokit\kafka_2.13-3.2.0\libs\zstd-jni-1.5.2-1.jar (org.apache.zookeeper.ZooKeeper)
[2025-03-11 13:57:39,180] INFO Client environment:java.library.path=C:\Program Files\Java\jdk1.8.0_202\bin;C:\WINDOWS\Sun\Java\bin;C:\WINDOWS\system32;C:\WINDOWS;C:\Program Files (x86)\Common Files\Intel\Shared Libraries\redist\intel64\compiler;C:\Python310\Scripts\;C:\Python310\;C:\Program Files (x86)\Common Files\Oracle\Java\javapath;C:\WINDOWS\system32;C:\WINDOWS;C:\WINDOWS\System32\Wbem;C:\WINDOWS\System32\WindowsPowerShell\v1.0\;C:\WINDOWS\System32\OpenSSH\;C:\Program Files\Java\jdk1.8.0_202\BIN;C:\Program Files\nodejs\;C:\ProgramData\chocolatey\bin;C:\Program Files\dotnet\;C:\Program Files\Intel\WiFi\bin\;C:\Program Files\Common Files\Intel\WirelessCommon\;C:\Program Files\Git\cmd;C:\Program Files\Redis\;E:\workspace\Ashokit\apache-zookeeper-3.7.1-bin\bin;C:\Program Files\MySQL\MySQL Shell 8.0\bin\;C:\Users\sadil\AppData\Local\Microsoft\WindowsApps;C:\Users\sadil\AppData\Roaming\npm;C:\Program Files\Intel\WiFi\bin\;C:\Program Files\Common Files\Intel\WirelessCommon\;C:\Program Files\JetBrains\IntelliJ IDEA Community Edition 2024.3\bin;;. (org.apache.zookeeper.ZooKeeper)
[2025-03-11 13:57:39,181] INFO Client environment:java.io.tmpdir=C:\Users\sadil\AppData\Local\Temp\ (org.apache.zookeeper.ZooKeeper)
[2025-03-11 13:57:39,185] INFO Client environment:java.compiler=<NA> (org.apache.zookeeper.ZooKeeper)
[2025-03-11 13:57:39,186] INFO Client environment:os.name=Windows 10 (org.apache.zookeeper.ZooKeeper)
[2025-03-11 13:57:39,187] INFO Client environment:os.arch=amd64 (org.apache.zookeeper.ZooKeeper)
[2025-03-11 13:57:39,187] INFO Client environment:os.version=10.0 (org.apache.zookeeper.ZooKeeper)
[2025-03-11 13:57:39,188] INFO Client environment:user.name=sadil (org.apache.zookeeper.ZooKeeper)
[2025-03-11 13:57:39,188] INFO Client environment:user.home=C:\Users\sadil (org.apache.zookeeper.ZooKeeper)
[2025-03-11 13:57:39,189] INFO Client environment:user.dir=E:\workspace\Ashokit\kafka_2.13-3.2.0\bin\windows (org.apache.zookeeper.ZooKeeper)
[2025-03-11 13:57:39,190] INFO Client environment:os.memory.free=1010MB (org.apache.zookeeper.ZooKeeper)
[2025-03-11 13:57:39,191] INFO Client environment:os.memory.max=1024MB (org.apache.zookeeper.ZooKeeper)
[2025-03-11 13:57:39,191] INFO Client environment:os.memory.total=1024MB (org.apache.zookeeper.ZooKeeper)
[2025-03-11 13:57:39,195] INFO Initiating client connection, connectString=localhost:2181 sessionTimeout=18000 watcher=kafka.zookeeper.ZooKeeperClient$ZooKeeperClientWatcher$@31304f14 (org.apache.zookeeper.ZooKeeper)
[2025-03-11 13:57:39,222] INFO jute.maxbuffer value is 4194304 Bytes (org.apache.zookeeper.ClientCnxnSocket)
[2025-03-11 13:57:39,242] INFO zookeeper.request.timeout value is 0. feature enabled=false (org.apache.zookeeper.ClientCnxn)
[2025-03-11 13:57:39,248] INFO [ZooKeeperClient Kafka server] Waiting until connected. (kafka.zookeeper.ZooKeeperClient)
[2025-03-11 13:57:39,256] INFO Opening socket connection to server localhost/0:0:0:0:0:0:0:1:2181. (org.apache.zookeeper.ClientCnxn)
[2025-03-11 13:57:39,262] INFO Socket connection established, initiating session, client: /0:0:0:0:0:0:0:1:63255, server: localhost/0:0:0:0:0:0:0:1:2181 (org.apache.zookeeper.ClientCnxn)
[2025-03-11 13:57:39,288] INFO Creating new log file: log.1 (org.apache.zookeeper.server.persistence.FileTxnLog)
[2025-03-11 13:57:39,435] INFO Session establishment complete on server localhost/0:0:0:0:0:0:0:1:2181, session id = 0x100590272b50000, negotiated timeout = 18000 (org.apache.zookeeper.ClientCnxn)
[2025-03-11 13:57:39,454] INFO [ZooKeeperClient Kafka server] Connected. (kafka.zookeeper.ZooKeeperClient)
[2025-03-11 13:57:40,919] INFO [feature-zk-node-event-process-thread]: Starting (kafka.server.FinalizedFeatureChangeListener$ChangeNotificationProcessorThread)
[2025-03-11 13:57:40,963] INFO Feature ZK node at path: /feature does not exist (kafka.server.FinalizedFeatureChangeListener)
[2025-03-11 13:57:40,967] INFO Cleared cache (kafka.server.FinalizedFeatureCache)
[2025-03-11 13:57:41,799] INFO Cluster ID = i96YVu3_RrCS1DZyn1M2qQ (kafka.server.KafkaServer)
[2025-03-11 13:57:41,819] WARN No meta.properties file under dir E:\tmp\kafka-logs\meta.properties (kafka.server.BrokerMetadataCheckpoint)
[2025-03-11 13:57:41,952] INFO KafkaConfig values: 
	advertised.listeners = null
	alter.config.policy.class.name = null
	alter.log.dirs.replication.quota.window.num = 11
	alter.log.dirs.replication.quota.window.size.seconds = 1
	authorizer.class.name = 
	auto.create.topics.enable = true
	auto.leader.rebalance.enable = true
	background.threads = 10
	broker.heartbeat.interval.ms = 2000
	broker.id = 0
	broker.id.generation.enable = true
	broker.rack = null
	broker.session.timeout.ms = 9000
	client.quota.callback.class = null
	compression.type = producer
	connection.failed.authentication.delay.ms = 100
	connections.max.idle.ms = 600000
	connections.max.reauth.ms = 0
	control.plane.listener.name = null
	controlled.shutdown.enable = true
	controlled.shutdown.max.retries = 3
	controlled.shutdown.retry.backoff.ms = 5000
	controller.listener.names = null
	controller.quorum.append.linger.ms = 25
	controller.quorum.election.backoff.max.ms = 1000
	controller.quorum.election.timeout.ms = 1000
	controller.quorum.fetch.timeout.ms = 2000
	controller.quorum.request.timeout.ms = 2000
	controller.quorum.retry.backoff.ms = 20
	controller.quorum.voters = []
	controller.quota.window.num = 11
	controller.quota.window.size.seconds = 1
	controller.socket.timeout.ms = 30000
	create.topic.policy.class.name = null
	default.replication.factor = 1
	delegation.token.expiry.check.interval.ms = 3600000
	delegation.token.expiry.time.ms = 86400000
	delegation.token.master.key = null
	delegation.token.max.lifetime.ms = 604800000
	delegation.token.secret.key = null
	delete.records.purgatory.purge.interval.requests = 1
	delete.topic.enable = true
	fetch.max.bytes = 57671680
	fetch.purgatory.purge.interval.requests = 1000
	group.initial.rebalance.delay.ms = 0
	group.max.session.timeout.ms = 1800000
	group.max.size = 2147483647
	group.min.session.timeout.ms = 6000
	initial.broker.registration.timeout.ms = 60000
	inter.broker.listener.name = null
	inter.broker.protocol.version = 3.2-IV0
	kafka.metrics.polling.interval.secs = 10
	kafka.metrics.reporters = []
	leader.imbalance.check.interval.seconds = 300
	leader.imbalance.per.broker.percentage = 10
	listener.security.protocol.map = PLAINTEXT:PLAINTEXT,SSL:SSL,SASL_PLAINTEXT:SASL_PLAINTEXT,SASL_SSL:SASL_SSL
	listeners = PLAINTEXT://:9092
	log.cleaner.backoff.ms = 15000
	log.cleaner.dedupe.buffer.size = 134217728
	log.cleaner.delete.retention.ms = 86400000
	log.cleaner.enable = true
	log.cleaner.io.buffer.load.factor = 0.9
	log.cleaner.io.buffer.size = 524288
	log.cleaner.io.max.bytes.per.second = 1.7976931348623157E308
	log.cleaner.max.compaction.lag.ms = 9223372036854775807
	log.cleaner.min.cleanable.ratio = 0.5
	log.cleaner.min.compaction.lag.ms = 0
	log.cleaner.threads = 1
	log.cleanup.policy = [delete]
	log.dir = /tmp/kafka-logs
	log.dirs = /tmp/kafka-logs
	log.flush.interval.messages = 9223372036854775807
	log.flush.interval.ms = null
	log.flush.offset.checkpoint.interval.ms = 60000
	log.flush.scheduler.interval.ms = 9223372036854775807
	log.flush.start.offset.checkpoint.interval.ms = 60000
	log.index.interval.bytes = 4096
	log.index.size.max.bytes = 10485760
	log.message.downconversion.enable = true
	log.message.format.version = 3.0-IV1
	log.message.timestamp.difference.max.ms = 9223372036854775807
	log.message.timestamp.type = CreateTime
	log.preallocate = false
	log.retention.bytes = -1
	log.retention.check.interval.ms = 300000
	log.retention.hours = 168
	log.retention.minutes = null
	log.retention.ms = null
	log.roll.hours = 168
	log.roll.jitter.hours = 0
	log.roll.jitter.ms = null
	log.roll.ms = null
	log.segment.bytes = 1073741824
	log.segment.delete.delay.ms = 60000
	max.connection.creation.rate = 2147483647
	max.connections = 2147483647
	max.connections.per.ip = 2147483647
	max.connections.per.ip.overrides = 
	max.incremental.fetch.session.cache.slots = 1000
	message.max.bytes = 1048588
	metadata.log.dir = null
	metadata.log.max.record.bytes.between.snapshots = 20971520
	metadata.log.segment.bytes = 1073741824
	metadata.log.segment.min.bytes = 8388608
	metadata.log.segment.ms = 604800000
	metadata.max.retention.bytes = -1
	metadata.max.retention.ms = 604800000
	metric.reporters = []
	metrics.num.samples = 2
	metrics.recording.level = INFO
	metrics.sample.window.ms = 30000
	min.insync.replicas = 1
	node.id = 0
	num.io.threads = 8
	num.network.threads = 3
	num.partitions = 1
	num.recovery.threads.per.data.dir = 1
	num.replica.alter.log.dirs.threads = null
	num.replica.fetchers = 1
	offset.metadata.max.bytes = 4096
	offsets.commit.required.acks = -1
	offsets.commit.timeout.ms = 5000
	offsets.load.buffer.size = 5242880
	offsets.retention.check.interval.ms = 600000
	offsets.retention.minutes = 10080
	offsets.topic.compression.codec = 0
	offsets.topic.num.partitions = 50
	offsets.topic.replication.factor = 1
	offsets.topic.segment.bytes = 104857600
	password.encoder.cipher.algorithm = AES/CBC/PKCS5Padding
	password.encoder.iterations = 4096
	password.encoder.key.length = 128
	password.encoder.keyfactory.algorithm = null
	password.encoder.old.secret = null
	password.encoder.secret = null
	principal.builder.class = class org.apache.kafka.common.security.authenticator.DefaultKafkaPrincipalBuilder
	process.roles = []
	producer.purgatory.purge.interval.requests = 1000
	queued.max.request.bytes = -1
	queued.max.requests = 500
	quota.window.num = 11
	quota.window.size.seconds = 1
	remote.log.index.file.cache.total.size.bytes = 1073741824
	remote.log.manager.task.interval.ms = 30000
	remote.log.manager.task.retry.backoff.max.ms = 30000
	remote.log.manager.task.retry.backoff.ms = 500
	remote.log.manager.task.retry.jitter = 0.2
	remote.log.manager.thread.pool.size = 10
	remote.log.metadata.manager.class.name = null
	remote.log.metadata.manager.class.path = null
	remote.log.metadata.manager.impl.prefix = null
	remote.log.metadata.manager.listener.name = null
	remote.log.reader.max.pending.tasks = 100
	remote.log.reader.threads = 10
	remote.log.storage.manager.class.name = null
	remote.log.storage.manager.class.path = null
	remote.log.storage.manager.impl.prefix = null
	remote.log.storage.system.enable = false
	replica.fetch.backoff.ms = 1000
	replica.fetch.max.bytes = 1048576
	replica.fetch.min.bytes = 1
	replica.fetch.response.max.bytes = 10485760
	replica.fetch.wait.max.ms = 500
	replica.high.watermark.checkpoint.interval.ms = 5000
	replica.lag.time.max.ms = 30000
	replica.selector.class = null
	replica.socket.receive.buffer.bytes = 65536
	replica.socket.timeout.ms = 30000
	replication.quota.window.num = 11
	replication.quota.window.size.seconds = 1
	request.timeout.ms = 30000
	reserved.broker.max.id = 1000
	sasl.client.callback.handler.class = null
	sasl.enabled.mechanisms = [GSSAPI]
	sasl.jaas.config = null
	sasl.kerberos.kinit.cmd = /usr/bin/kinit
	sasl.kerberos.min.time.before.relogin = 60000
	sasl.kerberos.principal.to.local.rules = [DEFAULT]
	sasl.kerberos.service.name = null
	sasl.kerberos.ticket.renew.jitter = 0.05
	sasl.kerberos.ticket.renew.window.factor = 0.8
	sasl.login.callback.handler.class = null
	sasl.login.class = null
	sasl.login.connect.timeout.ms = null
	sasl.login.read.timeout.ms = null
	sasl.login.refresh.buffer.seconds = 300
	sasl.login.refresh.min.period.seconds = 60
	sasl.login.refresh.window.factor = 0.8
	sasl.login.refresh.window.jitter = 0.05
	sasl.login.retry.backoff.max.ms = 10000
	sasl.login.retry.backoff.ms = 100
	sasl.mechanism.controller.protocol = GSSAPI
	sasl.mechanism.inter.broker.protocol = GSSAPI
	sasl.oauthbearer.clock.skew.seconds = 30
	sasl.oauthbearer.expected.audience = null
	sasl.oauthbearer.expected.issuer = null
	sasl.oauthbearer.jwks.endpoint.refresh.ms = 3600000
	sasl.oauthbearer.jwks.endpoint.retry.backoff.max.ms = 10000
	sasl.oauthbearer.jwks.endpoint.retry.backoff.ms = 100
	sasl.oauthbearer.jwks.endpoint.url = null
	sasl.oauthbearer.scope.claim.name = scope
	sasl.oauthbearer.sub.claim.name = sub
	sasl.oauthbearer.token.endpoint.url = null
	sasl.server.callback.handler.class = null
	security.inter.broker.protocol = PLAINTEXT
	security.providers = null
	socket.connection.setup.timeout.max.ms = 30000
	socket.connection.setup.timeout.ms = 10000
	socket.listen.backlog.size = 50
	socket.receive.buffer.bytes = 102400
	socket.request.max.bytes = 104857600
	socket.send.buffer.bytes = 102400
	ssl.cipher.suites = []
	ssl.client.auth = none
	ssl.enabled.protocols = [TLSv1.2]
	ssl.endpoint.identification.algorithm = https
	ssl.engine.factory.class = null
	ssl.key.password = null
	ssl.keymanager.algorithm = SunX509
	ssl.keystore.certificate.chain = null
	ssl.keystore.key = null
	ssl.keystore.location = null
	ssl.keystore.password = null
	ssl.keystore.type = JKS
	ssl.principal.mapping.rules = DEFAULT
	ssl.protocol = TLSv1.2
	ssl.provider = null
	ssl.secure.random.implementation = null
	ssl.trustmanager.algorithm = PKIX
	ssl.truststore.certificates = null
	ssl.truststore.location = null
	ssl.truststore.password = null
	ssl.truststore.type = JKS
	transaction.abort.timed.out.transaction.cleanup.interval.ms = 10000
	transaction.max.timeout.ms = 900000
	transaction.remove.expired.transaction.cleanup.interval.ms = 3600000
	transaction.state.log.load.buffer.size = 5242880
	transaction.state.log.min.isr = 1
	transaction.state.log.num.partitions = 50
	transaction.state.log.replication.factor = 1
	transaction.state.log.segment.bytes = 104857600
	transactional.id.expiration.ms = 604800000
	unclean.leader.election.enable = false
	zookeeper.clientCnxnSocket = null
	zookeeper.connect = localhost:2181
	zookeeper.connection.timeout.ms = 18000
	zookeeper.max.in.flight.requests = 10
	zookeeper.session.timeout.ms = 18000
	zookeeper.set.acl = false
	zookeeper.ssl.cipher.suites = null
	zookeeper.ssl.client.enable = false
	zookeeper.ssl.crl.enable = false
	zookeeper.ssl.enabled.protocols = null
	zookeeper.ssl.endpoint.identification.algorithm = HTTPS
	zookeeper.ssl.keystore.location = null
	zookeeper.ssl.keystore.password = null
	zookeeper.ssl.keystore.type = null
	zookeeper.ssl.ocsp.enable = false
	zookeeper.ssl.protocol = TLSv1.2
	zookeeper.ssl.truststore.location = null
	zookeeper.ssl.truststore.password = null
	zookeeper.ssl.truststore.type = null
 (kafka.server.KafkaConfig)
[2025-03-11 13:57:42,039] INFO [ThrottledChannelReaper-Fetch]: Starting (kafka.server.ClientQuotaManager$ThrottledChannelReaper)
[2025-03-11 13:57:42,041] INFO [ThrottledChannelReaper-Produce]: Starting (kafka.server.ClientQuotaManager$ThrottledChannelReaper)
[2025-03-11 13:57:42,043] INFO [ThrottledChannelReaper-Request]: Starting (kafka.server.ClientQuotaManager$ThrottledChannelReaper)
[2025-03-11 13:57:42,047] INFO [ThrottledChannelReaper-ControllerMutation]: Starting (kafka.server.ClientQuotaManager$ThrottledChannelReaper)
[2025-03-11 13:57:42,094] INFO Log directory E:\tmp\kafka-logs not found, creating it. (kafka.log.LogManager)
[2025-03-11 13:57:42,134] INFO Loading logs from log dirs ArraySeq(E:\tmp\kafka-logs) (kafka.log.LogManager)
[2025-03-11 13:57:42,139] INFO Attempting recovery for all logs in E:\tmp\kafka-logs since no clean shutdown file was found (kafka.log.LogManager)
[2025-03-11 13:57:42,146] INFO Loaded 0 logs in 12ms. (kafka.log.LogManager)
[2025-03-11 13:57:42,149] INFO Starting log cleanup with a period of 300000 ms. (kafka.log.LogManager)
[2025-03-11 13:57:42,154] INFO Starting log flusher with a default period of 9223372036854775807 ms. (kafka.log.LogManager)
[2025-03-11 13:57:43,274] INFO [BrokerToControllerChannelManager broker=0 name=forwarding]: Starting (kafka.server.BrokerToControllerRequestThread)
[2025-03-11 13:57:43,697] INFO Updated connection-accept-rate max connection creation rate to 2147483647 (kafka.network.ConnectionQuotas)
[2025-03-11 13:57:43,707] INFO Awaiting socket connections on 0.0.0.0:9092. (kafka.network.DataPlaneAcceptor)
[2025-03-11 13:57:43,816] INFO [SocketServer listenerType=ZK_BROKER, nodeId=0] Created data-plane acceptor and processors for endpoint : ListenerName(PLAINTEXT) (kafka.network.SocketServer)
[2025-03-11 13:57:43,843] INFO [BrokerToControllerChannelManager broker=0 name=alterPartition]: Starting (kafka.server.BrokerToControllerRequestThread)
[2025-03-11 13:57:43,926] INFO [ExpirationReaper-0-Produce]: Starting (kafka.server.DelayedOperationPurgatory$ExpiredOperationReaper)
[2025-03-11 13:57:43,932] INFO [ExpirationReaper-0-ElectLeader]: Starting (kafka.server.DelayedOperationPurgatory$ExpiredOperationReaper)
[2025-03-11 13:57:43,932] INFO [ExpirationReaper-0-DeleteRecords]: Starting (kafka.server.DelayedOperationPurgatory$ExpiredOperationReaper)
[2025-03-11 13:57:43,932] INFO [ExpirationReaper-0-Fetch]: Starting (kafka.server.DelayedOperationPurgatory$ExpiredOperationReaper)
[2025-03-11 13:57:43,981] INFO [LogDirFailureHandler]: Starting (kafka.server.ReplicaManager$LogDirFailureHandler)
[2025-03-11 13:57:44,062] INFO Creating /brokers/ids/0 (is it secure? false) (kafka.zk.KafkaZkClient)
[2025-03-11 13:57:44,156] INFO Stat of the created znode at /brokers/ids/0 is: 25,25,1741681664102,1741681664102,1,0,0,72155461087199232,214,0,25
 (kafka.zk.KafkaZkClient)
[2025-03-11 13:57:44,158] INFO Registered broker 0 at path /brokers/ids/0 with addresses: PLAINTEXT://DESKTOP-EJ9V5Q1:9092, czxid (broker epoch): 25 (kafka.zk.KafkaZkClient)
[2025-03-11 13:57:44,472] INFO [ExpirationReaper-0-topic]: Starting (kafka.server.DelayedOperationPurgatory$ExpiredOperationReaper)
[2025-03-11 13:57:44,491] INFO [ExpirationReaper-0-Heartbeat]: Starting (kafka.server.DelayedOperationPurgatory$ExpiredOperationReaper)
[2025-03-11 13:57:44,491] INFO [ExpirationReaper-0-Rebalance]: Starting (kafka.server.DelayedOperationPurgatory$ExpiredOperationReaper)
[2025-03-11 13:57:44,550] INFO Successfully created /controller_epoch with initial epoch 0 (kafka.zk.KafkaZkClient)
[2025-03-11 13:57:44,561] INFO [GroupCoordinator 0]: Starting up. (kafka.coordinator.group.GroupCoordinator)
[2025-03-11 13:57:44,609] INFO [GroupCoordinator 0]: Startup complete. (kafka.coordinator.group.GroupCoordinator)
[2025-03-11 13:57:44,664] INFO Feature ZK node created at path: /feature (kafka.server.FinalizedFeatureChangeListener)
[2025-03-11 13:57:44,716] INFO [TransactionCoordinator id=0] Starting up. (kafka.coordinator.transaction.TransactionCoordinator)
[2025-03-11 13:57:44,776] INFO [TransactionCoordinator id=0] Startup complete. (kafka.coordinator.transaction.TransactionCoordinator)
[2025-03-11 13:57:44,811] INFO [Transaction Marker Channel Manager 0]: Starting (kafka.coordinator.transaction.TransactionMarkerChannelManager)
[2025-03-11 13:57:44,871] INFO Updated cache from existing <empty> to latest FinalizedFeaturesAndEpoch(features=Features{}, epoch=0). (kafka.server.FinalizedFeatureCache)
[2025-03-11 13:57:44,896] INFO [ExpirationReaper-0-AlterAcls]: Starting (kafka.server.DelayedOperationPurgatory$ExpiredOperationReaper)
[2025-03-11 13:57:44,956] INFO [/config/changes-event-process-thread]: Starting (kafka.common.ZkNodeChangeNotificationListener$ChangeEventProcessThread)
[2025-03-11 13:57:44,977] INFO [SocketServer listenerType=ZK_BROKER, nodeId=0] Starting socket server acceptors and processors (kafka.network.SocketServer)
[2025-03-11 13:57:44,990] INFO [SocketServer listenerType=ZK_BROKER, nodeId=0] Started data-plane acceptor and processor(s) for endpoint : ListenerName(PLAINTEXT) (kafka.network.SocketServer)
[2025-03-11 13:57:44,996] INFO [SocketServer listenerType=ZK_BROKER, nodeId=0] Started socket server acceptors and processors (kafka.network.SocketServer)
[2025-03-11 13:57:45,033] INFO Kafka version: 3.2.0 (org.apache.kafka.common.utils.AppInfoParser)
[2025-03-11 13:57:45,041] INFO Kafka commitId: 38103ffaa962ef50 (org.apache.kafka.common.utils.AppInfoParser)
[2025-03-11 13:57:45,087] INFO Kafka startTimeMs: 1741681664997 (org.apache.kafka.common.utils.AppInfoParser)
[2025-03-11 13:57:45,102] INFO [KafkaServer id=0] started (kafka.server.KafkaServer)
[2025-03-11 13:57:45,238] INFO [BrokerToControllerChannelManager broker=0 name=forwarding]: Recorded new controller, from now on will use broker DESKTOP-EJ9V5Q1:9092 (id: 0 rack: null) (kafka.server.BrokerToControllerRequestThread)
[2025-03-11 13:57:45,299] INFO [BrokerToControllerChannelManager broker=0 name=alterPartition]: Recorded new controller, from now on will use broker DESKTOP-EJ9V5Q1:9092 (id: 0 rack: null) (kafka.server.BrokerToControllerRequestThread)
[2025-03-11 14:05:01,412] WARN Client session timed out, have not heard from server in 15609ms for session id 0x100590272b50000 (org.apache.zookeeper.ClientCnxn)
[2025-03-11 14:05:01,425] WARN Session 0x100590272b50000 for sever localhost/0:0:0:0:0:0:0:1:2181, Closing socket connection. Attempting reconnect except it is a SessionExpiredException. (org.apache.zookeeper.ClientCnxn)
org.apache.zookeeper.ClientCnxn$SessionTimeoutException: Client session timed out, have not heard from server in 15609ms for session id 0x100590272b50000
	at org.apache.zookeeper.ClientCnxn$SendThread.run(ClientCnxn.java:1258)
[2025-03-11 14:05:01,452] WARN Unexpected exception (org.apache.zookeeper.server.NIOServerCnxn)
EndOfStreamException: Unable to read additional data from client, it probably closed the socket: address = /0:0:0:0:0:0:0:1:63255, session = 0x100590272b50000
	at org.apache.zookeeper.server.NIOServerCnxn.handleFailedRead(NIOServerCnxn.java:163)
	at org.apache.zookeeper.server.NIOServerCnxn.doIO(NIOServerCnxn.java:326)
	at org.apache.zookeeper.server.NIOServerCnxnFactory$IOWorkRequest.doWork(NIOServerCnxnFactory.java:522)
	at org.apache.zookeeper.server.WorkerService$ScheduledWorkRequest.run(WorkerService.java:154)
	at java.util.concurrent.ThreadPoolExecutor.runWorker(ThreadPoolExecutor.java:1149)
	at java.util.concurrent.ThreadPoolExecutor$Worker.run(ThreadPoolExecutor.java:624)
	at java.lang.Thread.run(Thread.java:748)
[2025-03-11 14:05:03,104] INFO Opening socket connection to server localhost/0:0:0:0:0:0:0:1:2181. (org.apache.zookeeper.ClientCnxn)
[2025-03-11 14:05:03,106] INFO Socket connection established, initiating session, client: /0:0:0:0:0:0:0:1:63350, server: localhost/0:0:0:0:0:0:0:1:2181 (org.apache.zookeeper.ClientCnxn)
[2025-03-11 14:05:03,109] INFO Session establishment complete on server localhost/0:0:0:0:0:0:0:1:2181, session id = 0x100590272b50000, negotiated timeout = 18000 (org.apache.zookeeper.ClientCnxn)
[2025-03-11 14:08:27,667] WARN Session 0x100590272b50000 for sever localhost/0:0:0:0:0:0:0:1:2181, Closing socket connection. Attempting reconnect except it is a SessionExpiredException. (org.apache.zookeeper.ClientCnxn)
EndOfStreamException: Unable to read additional data from server sessionid 0x100590272b50000, likely server has closed socket
	at org.apache.zookeeper.ClientCnxnSocketNIO.doIO(ClientCnxnSocketNIO.java:77)
	at org.apache.zookeeper.ClientCnxnSocketNIO.doTransport(ClientCnxnSocketNIO.java:350)
	at org.apache.zookeeper.ClientCnxn$SendThread.run(ClientCnxn.java:1290)
[2025-03-11 14:08:28,154] INFO Expiring session 0x100590272b50000, timeout of 18000ms exceeded (org.apache.zookeeper.server.ZooKeeperServer)
[2025-03-11 14:08:29,323] INFO Opening socket connection to server localhost/127.0.0.1:2181. (org.apache.zookeeper.ClientCnxn)
[2025-03-11 14:08:29,387] INFO Socket connection established, initiating session, client: /127.0.0.1:63378, server: localhost/127.0.0.1:2181 (org.apache.zookeeper.ClientCnxn)
[2025-03-11 14:08:29,468] INFO Invalid session 0x100590272b50000 for client /127.0.0.1:63378, probably expired (org.apache.zookeeper.server.ZooKeeperServer)
[2025-03-11 14:08:29,511] WARN Unable to reconnect to ZooKeeper service, session 0x100590272b50000 has expired (org.apache.zookeeper.ClientCnxn)
[2025-03-11 14:08:29,521] WARN Session 0x100590272b50000 for sever localhost/127.0.0.1:2181, Closing socket connection. Attempting reconnect except it is a SessionExpiredException. (org.apache.zookeeper.ClientCnxn)
org.apache.zookeeper.ClientCnxn$SessionExpiredException: Unable to reconnect to ZooKeeper service, session 0x100590272b50000 has expired
	at org.apache.zookeeper.ClientCnxn$SendThread.onConnected(ClientCnxn.java:1434)
	at org.apache.zookeeper.ClientCnxnSocket.readConnectResult(ClientCnxnSocket.java:154)
	at org.apache.zookeeper.ClientCnxnSocketNIO.doIO(ClientCnxnSocketNIO.java:86)
	at org.apache.zookeeper.ClientCnxnSocketNIO.doTransport(ClientCnxnSocketNIO.java:350)
	at org.apache.zookeeper.ClientCnxn$SendThread.run(ClientCnxn.java:1290)
[2025-03-11 14:08:29,512] INFO EventThread shut down for session: 0x100590272b50000 (org.apache.zookeeper.ClientCnxn)
[2025-03-11 14:08:29,545] INFO [ZooKeeperClient Kafka server] Session expired. (kafka.zookeeper.ZooKeeperClient)
[2025-03-11 14:08:29,562] INFO [ZooKeeperClient Kafka server] Initializing a new session to localhost:2181. (kafka.zookeeper.ZooKeeperClient)
[2025-03-11 14:08:29,581] INFO Initiating client connection, connectString=localhost:2181 sessionTimeout=18000 watcher=kafka.zookeeper.ZooKeeperClient$ZooKeeperClientWatcher$@31304f14 (org.apache.zookeeper.ZooKeeper)
[2025-03-11 14:08:29,584] INFO jute.maxbuffer value is 4194304 Bytes (org.apache.zookeeper.ClientCnxnSocket)
[2025-03-11 14:08:29,609] INFO zookeeper.request.timeout value is 0. feature enabled=false (org.apache.zookeeper.ClientCnxn)
[2025-03-11 14:08:29,706] INFO Opening socket connection to server localhost/127.0.0.1:2181. (org.apache.zookeeper.ClientCnxn)
[2025-03-11 14:08:29,706] INFO Creating /brokers/ids/0 (is it secure? false) (kafka.zk.KafkaZkClient)
[2025-03-11 14:08:29,717] INFO Socket connection established, initiating session, client: /127.0.0.1:63382, server: localhost/127.0.0.1:2181 (org.apache.zookeeper.ClientCnxn)
[2025-03-11 14:08:29,921] INFO Session establishment complete on server localhost/127.0.0.1:2181, session id = 0x100590272b50001, negotiated timeout = 18000 (org.apache.zookeeper.ClientCnxn)
[2025-03-11 14:08:29,949] INFO Updated cache from existing FinalizedFeaturesAndEpoch(features=Features{}, epoch=0) to latest FinalizedFeaturesAndEpoch(features=Features{}, epoch=0). (kafka.server.FinalizedFeatureCache)
[2025-03-11 14:08:30,017] INFO Stat of the created znode at /brokers/ids/0 is: 32,32,1741682309947,1741682309947,1,0,0,72155461087199233,214,0,32
 (kafka.zk.KafkaZkClient)
[2025-03-11 14:08:30,031] INFO Registered broker 0 at path /brokers/ids/0 with addresses: PLAINTEXT://DESKTOP-EJ9V5Q1:9092, czxid (broker epoch): 32 (kafka.zk.KafkaZkClient)
[2025-03-11 14:12:54,545] INFO Creating topic demo-sbms27-topic with configuration {} and initial partition assignment HashMap(0 -> ArrayBuffer(0)) (kafka.zk.AdminZkClient)
[2025-03-11 14:12:55,127] INFO [ReplicaFetcherManager on broker 0] Removed fetcher for partitions Set(demo-sbms27-topic-0) (kafka.server.ReplicaFetcherManager)
[2025-03-11 14:12:55,337] INFO [LogLoader partition=demo-sbms27-topic-0, dir=E:\tmp\kafka-logs] Loading producer state till offset 0 with message format version 2 (kafka.log.UnifiedLog$)
[2025-03-11 14:12:55,397] INFO Created log for partition demo-sbms27-topic-0 in E:\tmp\kafka-logs\demo-sbms27-topic-0 with properties {} (kafka.log.LogManager)
[2025-03-11 14:12:55,407] INFO [Partition demo-sbms27-topic-0 broker=0] No checkpointed highwatermark is found for partition demo-sbms27-topic-0 (kafka.cluster.Partition)
[2025-03-11 14:12:55,413] INFO [Partition demo-sbms27-topic-0 broker=0] Log loaded for partition demo-sbms27-topic-0 with initial high watermark 0 (kafka.cluster.Partition)
[2025-03-11 14:22:12,283] INFO Creating topic demo-sbms27-new-topic with configuration {} and initial partition assignment HashMap(0 -> ArrayBuffer(0)) (kafka.zk.AdminZkClient)
[2025-03-11 14:22:12,547] INFO [ReplicaFetcherManager on broker 0] Removed fetcher for partitions Set(demo-sbms27-new-topic-0) (kafka.server.ReplicaFetcherManager)
[2025-03-11 14:22:12,570] INFO [LogLoader partition=demo-sbms27-new-topic-0, dir=E:\tmp\kafka-logs] Loading producer state till offset 0 with message format version 2 (kafka.log.UnifiedLog$)
[2025-03-11 14:22:12,573] INFO Created log for partition demo-sbms27-new-topic-0 in E:\tmp\kafka-logs\demo-sbms27-new-topic-0 with properties {} (kafka.log.LogManager)
[2025-03-11 14:22:12,591] INFO [Partition demo-sbms27-new-topic-0 broker=0] No checkpointed highwatermark is found for partition demo-sbms27-new-topic-0 (kafka.cluster.Partition)
[2025-03-11 14:22:12,592] INFO [Partition demo-sbms27-new-topic-0 broker=0] Log loaded for partition demo-sbms27-new-topic-0 with initial high watermark 0 (kafka.cluster.Partition)
[2025-03-11 14:33:02,085] WARN Client session timed out, have not heard from server in 12672ms for session id 0x100590272b50001 (org.apache.zookeeper.ClientCnxn)
[2025-03-11 14:33:03,990] WARN Session 0x100590272b50001 for sever localhost/127.0.0.1:2181, Closing socket connection. Attempting reconnect except it is a SessionExpiredException. (org.apache.zookeeper.ClientCnxn)
org.apache.zookeeper.ClientCnxn$SessionTimeoutException: Client session timed out, have not heard from server in 12672ms for session id 0x100590272b50001
	at org.apache.zookeeper.ClientCnxn$SendThread.run(ClientCnxn.java:1258)
[2025-03-11 14:33:04,013] WARN Unexpected exception (org.apache.zookeeper.server.NIOServerCnxn)
EndOfStreamException: Unable to read additional data from client, it probably closed the socket: address = /127.0.0.1:63382, session = 0x100590272b50001
	at org.apache.zookeeper.server.NIOServerCnxn.handleFailedRead(NIOServerCnxn.java:163)
	at org.apache.zookeeper.server.NIOServerCnxn.doIO(NIOServerCnxn.java:326)
	at org.apache.zookeeper.server.NIOServerCnxnFactory$IOWorkRequest.doWork(NIOServerCnxnFactory.java:522)
	at org.apache.zookeeper.server.WorkerService$ScheduledWorkRequest.run(WorkerService.java:154)
	at java.util.concurrent.ThreadPoolExecutor.runWorker(ThreadPoolExecutor.java:1149)
	at java.util.concurrent.ThreadPoolExecutor$Worker.run(ThreadPoolExecutor.java:624)
	at java.lang.Thread.run(Thread.java:748)
[2025-03-11 14:33:07,590] INFO Opening socket connection to server localhost/0:0:0:0:0:0:0:1:2181. (org.apache.zookeeper.ClientCnxn)
[2025-03-11 14:33:08,748] INFO Socket connection established, initiating session, client: /0:0:0:0:0:0:0:1:63706, server: localhost/0:0:0:0:0:0:0:1:2181 (org.apache.zookeeper.ClientCnxn)
[2025-03-11 14:33:09,238] INFO Expiring session 0x100590272b50001, timeout of 18000ms exceeded (org.apache.zookeeper.server.ZooKeeperServer)
[2025-03-11 14:33:10,227] INFO Invalid session 0x100590272b50001 for client /0:0:0:0:0:0:0:1:63706, probably expired (org.apache.zookeeper.server.ZooKeeperServer)
[2025-03-11 14:33:11,499] WARN Session 0x100590272b50001 for sever localhost/0:0:0:0:0:0:0:1:2181, Closing socket connection. Attempting reconnect except it is a SessionExpiredException. (org.apache.zookeeper.ClientCnxn)
EndOfStreamException: Unable to read additional data from server sessionid 0x100590272b50001, likely server has closed socket
	at org.apache.zookeeper.ClientCnxnSocketNIO.doIO(ClientCnxnSocketNIO.java:77)
	at org.apache.zookeeper.ClientCnxnSocketNIO.doTransport(ClientCnxnSocketNIO.java:350)
	at org.apache.zookeeper.ClientCnxn$SendThread.run(ClientCnxn.java:1290)
[2025-03-11 14:33:11,736] WARN CancelledKeyException causing close of session: 0x100590272b50001 (org.apache.zookeeper.server.NIOServerCnxn)
[2025-03-11 14:33:14,965] INFO Opening socket connection to server localhost/0:0:0:0:0:0:0:1:2181. (org.apache.zookeeper.ClientCnxn)
[2025-03-11 14:33:15,625] INFO Socket connection established, initiating session, client: /0:0:0:0:0:0:0:1:63707, server: localhost/0:0:0:0:0:0:0:1:2181 (org.apache.zookeeper.ClientCnxn)
[2025-03-11 14:33:15,677] INFO Invalid session 0x100590272b50001 for client /0:0:0:0:0:0:0:1:63707, probably expired (org.apache.zookeeper.server.ZooKeeperServer)
[2025-03-11 14:33:17,002] WARN Unable to reconnect to ZooKeeper service, session 0x100590272b50001 has expired (org.apache.zookeeper.ClientCnxn)
[2025-03-11 14:33:17,828] WARN Session 0x100590272b50001 for sever localhost/0:0:0:0:0:0:0:1:2181, Closing socket connection. Attempting reconnect except it is a SessionExpiredException. (org.apache.zookeeper.ClientCnxn)
org.apache.zookeeper.ClientCnxn$SessionExpiredException: Unable to reconnect to ZooKeeper service, session 0x100590272b50001 has expired
	at org.apache.zookeeper.ClientCnxn$SendThread.onConnected(ClientCnxn.java:1434)
	at org.apache.zookeeper.ClientCnxnSocket.readConnectResult(ClientCnxnSocket.java:154)
	at org.apache.zookeeper.ClientCnxnSocketNIO.doIO(ClientCnxnSocketNIO.java:86)
	at org.apache.zookeeper.ClientCnxnSocketNIO.doTransport(ClientCnxnSocketNIO.java:350)
	at org.apache.zookeeper.ClientCnxn$SendThread.run(ClientCnxn.java:1290)
[2025-03-11 14:33:17,004] INFO [ZooKeeperClient Kafka server] Session expired. (kafka.zookeeper.ZooKeeperClient)
[2025-03-11 14:33:17,004] INFO EventThread shut down for session: 0x100590272b50001 (org.apache.zookeeper.ClientCnxn)
[2025-03-11 14:33:18,224] INFO [ZooKeeperClient Kafka server] Initializing a new session to localhost:2181. (kafka.zookeeper.ZooKeeperClient)
[2025-03-11 14:33:22,057] INFO Initiating client connection, connectString=localhost:2181 sessionTimeout=18000 watcher=kafka.zookeeper.ZooKeeperClient$ZooKeeperClientWatcher$@31304f14 (org.apache.zookeeper.ZooKeeper)
[2025-03-11 14:33:23,314] INFO jute.maxbuffer value is 4194304 Bytes (org.apache.zookeeper.ClientCnxnSocket)
[2025-03-11 14:33:23,325] INFO zookeeper.request.timeout value is 0. feature enabled=false (org.apache.zookeeper.ClientCnxn)
[2025-03-11 14:33:26,554] INFO Creating /brokers/ids/0 (is it secure? false) (kafka.zk.KafkaZkClient)
[2025-03-11 14:33:26,611] INFO Opening socket connection to server localhost/0:0:0:0:0:0:0:1:2181. (org.apache.zookeeper.ClientCnxn)
[2025-03-11 14:33:27,646] INFO Socket connection established, initiating session, client: /0:0:0:0:0:0:0:1:63739, server: localhost/0:0:0:0:0:0:0:1:2181 (org.apache.zookeeper.ClientCnxn)
[2025-03-11 14:33:28,689] INFO Session establishment complete on server localhost/0:0:0:0:0:0:0:1:2181, session id = 0x100590272b50002, negotiated timeout = 18000 (org.apache.zookeeper.ClientCnxn)
[2025-03-11 14:33:29,599] INFO Updated cache from existing FinalizedFeaturesAndEpoch(features=Features{}, epoch=0) to latest FinalizedFeaturesAndEpoch(features=Features{}, epoch=0). (kafka.server.FinalizedFeatureCache)
[2025-03-11 14:33:30,222] INFO Stat of the created znode at /brokers/ids/0 is: 49,49,1741683809555,1741683809555,1,0,0,72155461087199234,214,0,49
 (kafka.zk.KafkaZkClient)
[2025-03-11 14:33:31,431] INFO Registered broker 0 at path /brokers/ids/0 with addresses: PLAINTEXT://DESKTOP-EJ9V5Q1:9092, czxid (broker epoch): 49 (kafka.zk.KafkaZkClient)
[2025-03-11 14:33:45,781] WARN fsync-ing the write ahead log in SyncThread:0 took 2997ms which will adversely effect operation latency.File size is 67108880 bytes. See the ZooKeeper troubleshooting guide (org.apache.zookeeper.server.persistence.FileTxnLog)
[2025-03-11 14:35:52,009] WARN Session 0x100590272b50002 for sever localhost/0:0:0:0:0:0:0:1:2181, Closing socket connection. Attempting reconnect except it is a SessionExpiredException. (org.apache.zookeeper.ClientCnxn)
java.io.IOException: An existing connection was forcibly closed by the remote host
	at sun.nio.ch.SocketDispatcher.read0(Native Method)
	at sun.nio.ch.SocketDispatcher.read(SocketDispatcher.java:43)
	at sun.nio.ch.IOUtil.readIntoNativeBuffer(IOUtil.java:223)
	at sun.nio.ch.IOUtil.read(IOUtil.java:192)
	at sun.nio.ch.SocketChannelImpl.read(SocketChannelImpl.java:380)
	at org.apache.zookeeper.ClientCnxnSocketNIO.doIO(ClientCnxnSocketNIO.java:74)
	at org.apache.zookeeper.ClientCnxnSocketNIO.doTransport(ClientCnxnSocketNIO.java:350)
	at org.apache.zookeeper.ClientCnxn$SendThread.run(ClientCnxn.java:1290)
[2025-03-11 14:35:59,195] INFO Opening socket connection to server localhost/127.0.0.1:2181. (org.apache.zookeeper.ClientCnxn)
[2025-03-11 14:36:01,558] WARN Session 0x100590272b50002 for sever localhost/127.0.0.1:2181, Closing socket connection. Attempting reconnect except it is a SessionExpiredException. (org.apache.zookeeper.ClientCnxn)
java.net.ConnectException: Connection refused: no further information
	at sun.nio.ch.SocketChannelImpl.checkConnect(Native Method)
	at sun.nio.ch.SocketChannelImpl.finishConnect(SocketChannelImpl.java:717)
	at org.apache.zookeeper.ClientCnxnSocketNIO.doTransport(ClientCnxnSocketNIO.java:344)
	at org.apache.zookeeper.ClientCnxn$SendThread.run(ClientCnxn.java:1290)
[2025-03-11 14:36:02,850] INFO Opening socket connection to server localhost/127.0.0.1:2181. (org.apache.zookeeper.ClientCnxn)
